#
# There is insufficient memory for the Java Runtime Environment to continue.
# Native memory allocation (malloc) failed to allocate 2143168 bytes for Chunk::new
# Possible reasons:
#   The system is out of physical RAM or swap space
#   The process is running with CompressedOops enabled, and the Java Heap may be blocking the growth of the native heap
# Possible solutions:
#   Reduce memory load on the system
#   Increase physical memory or swap space
#   Check if swap backing store is full
#   Decrease Java heap size (-Xmx/-Xms)
#   Decrease number of Java threads
#   Decrease Java thread stack sizes (-Xss)
#   Set larger code cache with -XX:ReservedCodeCacheSize=
#   JVM is running with Unscaled Compressed Oops mode in which the Java heap is
#     placed in the first 4GB address space. The Java Heap base address is the
#     maximum limit for the native heap growth. Please use -XX:HeapBaseMinAddress
#     to set the Java Heap base and to place the Java Heap above 4GB virtual address.
# This output file may be truncated or incomplete.
#
#  Out of Memory Error (arena.cpp:189), pid=8928, tid=22460
#
# JRE version: OpenJDK Runtime Environment Corretto-17.0.7.7.1 (17.0.7+7) (build 17.0.7+7-LTS)
# Java VM: OpenJDK 64-Bit Server VM Corretto-17.0.7.7.1 (17.0.7+7-LTS, mixed mode, sharing, tiered, compressed oops, compressed class ptrs, g1 gc, windows-amd64)
# No core dump will be written. Minidumps are not enabled by default on client versions of Windows
#

---------------  S U M M A R Y ------------

Command Line: --add-opens=java.base/java.util=ALL-UNNAMED --add-opens=java.base/java.lang=ALL-UNNAMED --add-opens=java.base/java.lang.invoke=ALL-UNNAMED --add-opens=java.prefs/java.util.prefs=ALL-UNNAMED --add-opens=java.base/java.nio.charset=ALL-UNNAMED --add-opens=java.base/java.net=ALL-UNNAMED --add-opens=java.base/java.util.concurrent.atomic=ALL-UNNAMED -XX:MaxMetaspaceSize=256m -XX:+HeapDumpOnOutOfMemoryError -Xms256m -Xmx512m -Dfile.encoding=windows-1252 -Duser.country=US -Duser.language=en -Duser.variant org.gradle.launcher.daemon.bootstrap.GradleDaemon 7.6.1

Host: 11th Gen Intel(R) Core(TM) i7-11800H @ 2.30GHz, 16 cores, 15G,  Windows 11 , 64 bit Build 22621 (10.0.22621.1778)
Time: Sat Jul  8 13:53:01 2023 SE Asia Standard Time elapsed time: 7.592964 seconds (0d 0h 0m 7s)

---------------  T H R E A D  ---------------

Current thread (0x00000232db377c90):  JavaThread "C2 CompilerThread0" daemon [_thread_in_native, id=22460, stack(0x000000e876500000,0x000000e876600000)]


Current CompileTask:
C2:   7593 5197       4       java.util.Arrays::binarySearch0 (95 bytes)

Stack: [0x000000e876500000,0x000000e876600000]
Native frames: (J=compiled Java code, j=interpreted, Vv=VM code, C=native code)
V  [jvm.dll+0x64b53a]
V  [jvm.dll+0x7fef54]
V  [jvm.dll+0x80070e]
V  [jvm.dll+0x800d63]
V  [jvm.dll+0x236a2b]
V  [jvm.dll+0xbd47c]
V  [jvm.dll+0xbda5c]
V  [jvm.dll+0x350c37]
V  [jvm.dll+0x31b60f]
V  [jvm.dll+0x31aa4a]
V  [jvm.dll+0x20acf5]
V  [jvm.dll+0x20a287]
V  [jvm.dll+0x19a2ed]
V  [jvm.dll+0x21967d]
V  [jvm.dll+0x2178c4]
V  [jvm.dll+0x7b7dcb]
V  [jvm.dll+0x7b237a]
V  [jvm.dll+0x64a3a5]
C  [ucrtbase.dll+0x29363]
C  [KERNEL32.DLL+0x126ad]
C  [ntdll.dll+0x5a9f8]


---------------  P R O C E S S  ---------------

Threads class SMR info:
_java_thread_list=0x00000232e1f4c320, length=70, elements={
0x00000232bdd94a40, 0x00000232db3528b0, 0x00000232db353370, 0x00000232db369380,
0x00000232db369d40, 0x00000232db36c710, 0x00000232db36cfd0, 0x00000232db377c90,
0x00000232db37eab0, 0x00000232db493490, 0x00000232db5c6640, 0x00000232db5cad40,
0x00000232e11d9060, 0x00000232e0aee6f0, 0x00000232e17612f0, 0x00000232e147c460,
0x00000232e130f9f0, 0x00000232e14f1ae0, 0x00000232e14f1fb0, 0x00000232e14f07a0,
0x00000232e14f0c70, 0x00000232e14ef930, 0x00000232e14f02d0, 0x00000232e14efe00,
0x00000232e14f2480, 0x00000232e14f2950, 0x00000232e14f2e20, 0x00000232e21350d0,
0x00000232e212ebc0, 0x00000232e2132f20, 0x00000232e21333f0, 0x00000232e21355a0,
0x00000232e2135f40, 0x00000232e2136410, 0x00000232e2135a70, 0x00000232e2133d90,
0x00000232e2132580, 0x00000232e2134c00, 0x00000232e2130d70, 0x00000232e2134260,
0x00000232e212fa30, 0x00000232e2132a50, 0x00000232e212ff00, 0x00000232e21303d0,
0x00000232e2131be0, 0x00000232e2eda910, 0x00000232e2edcf90, 0x00000232e2ed8290,
0x00000232e2ed9100, 0x00000232e2ed9aa0, 0x00000232e2ed9f70, 0x00000232e2ed60e0,
0x00000232e2ed8760, 0x00000232e2edd460, 0x00000232e2ed65b0, 0x00000232e2ed7dc0,
0x00000232e2ed8c30, 0x00000232e2ed95d0, 0x00000232e2ed6a80, 0x00000232e2ed6f50,
0x00000232e2edd930, 0x00000232e2edb780, 0x00000232e2eda440, 0x00000232e2edc120,
0x00000232e2edade0, 0x00000232e2edb2b0, 0x00000232e2edbc50, 0x00000232e2ed78f0,
0x00000232e2edc5f0, 0x00000232e22ecb30
}

Java Threads: ( => current thread )
  0x00000232bdd94a40 JavaThread "main" [_thread_blocked, id=9012, stack(0x000000e875800000,0x000000e875900000)]
  0x00000232db3528b0 JavaThread "Reference Handler" daemon [_thread_blocked, id=18296, stack(0x000000e875f00000,0x000000e876000000)]
  0x00000232db353370 JavaThread "Finalizer" daemon [_thread_blocked, id=18964, stack(0x000000e876000000,0x000000e876100000)]
  0x00000232db369380 JavaThread "Signal Dispatcher" daemon [_thread_blocked, id=6268, stack(0x000000e876100000,0x000000e876200000)]
  0x00000232db369d40 JavaThread "Attach Listener" daemon [_thread_blocked, id=20404, stack(0x000000e876200000,0x000000e876300000)]
  0x00000232db36c710 JavaThread "Service Thread" daemon [_thread_blocked, id=4716, stack(0x000000e876300000,0x000000e876400000)]
  0x00000232db36cfd0 JavaThread "Monitor Deflation Thread" daemon [_thread_blocked, id=4292, stack(0x000000e876400000,0x000000e876500000)]
=>0x00000232db377c90 JavaThread "C2 CompilerThread0" daemon [_thread_in_native, id=22460, stack(0x000000e876500000,0x000000e876600000)]
  0x00000232db37eab0 JavaThread "C1 CompilerThread0" daemon [_thread_blocked, id=10716, stack(0x000000e876600000,0x000000e876700000)]
  0x00000232db493490 JavaThread "Sweeper thread" daemon [_thread_blocked, id=8068, stack(0x000000e876700000,0x000000e876800000)]
  0x00000232db5c6640 JavaThread "Common-Cleaner" daemon [_thread_blocked, id=25060, stack(0x000000e876800000,0x000000e876900000)]
  0x00000232db5cad40 JavaThread "Notification Thread" daemon [_thread_blocked, id=18024, stack(0x000000e876900000,0x000000e876a00000)]
  0x00000232e11d9060 JavaThread "Daemon health stats" [_thread_blocked, id=22716, stack(0x000000e877000000,0x000000e877100000)]
  0x00000232e0aee6f0 JavaThread "Incoming local TCP Connector on port 53034" [_thread_in_native, id=9600, stack(0x000000e877100000,0x000000e877200000)]
  0x00000232e17612f0 JavaThread "Daemon periodic checks" [_thread_blocked, id=5584, stack(0x000000e877200000,0x000000e877300000)]
  0x00000232e147c460 JavaThread "Daemon" [_thread_blocked, id=24424, stack(0x000000e877300000,0x000000e877400000)]
  0x00000232e130f9f0 JavaThread "Handler for socket connection from /127.0.0.1:53034 to /127.0.0.1:53035" [_thread_in_native, id=1244, stack(0x000000e877400000,0x000000e877500000)]
  0x00000232e14f1ae0 JavaThread "Cancel handler" [_thread_blocked, id=24484, stack(0x000000e877500000,0x000000e877600000)]
  0x00000232e14f1fb0 JavaThread "Daemon worker" [_thread_in_vm, id=25584, stack(0x000000e877600000,0x000000e877700000)]
  0x00000232e14f07a0 JavaThread "Asynchronous log dispatcher for DefaultDaemonConnection: socket connection from /127.0.0.1:53034 to /127.0.0.1:53035" [_thread_blocked, id=25184, stack(0x000000e877700000,0x000000e877800000)]
  0x00000232e14f0c70 JavaThread "Stdin handler" [_thread_blocked, id=7956, stack(0x000000e877800000,0x000000e877900000)]
  0x00000232e14ef930 JavaThread "Daemon client event forwarder" [_thread_blocked, id=1212, stack(0x000000e877900000,0x000000e877a00000)]
  0x00000232e14f02d0 JavaThread "Cache worker for journal cache (C:\Users\acer\.gradle\caches\journal-1)" [_thread_blocked, id=2412, stack(0x000000e877a00000,0x000000e877b00000)]
  0x00000232e14efe00 JavaThread "File lock request listener" [_thread_in_native, id=5188, stack(0x000000e877b00000,0x000000e877c00000)]
  0x00000232e14f2480 JavaThread "Cache worker for file hash cache (C:\Users\acer\.gradle\caches\7.6.1\fileHashes)" [_thread_blocked, id=9392, stack(0x000000e877c00000,0x000000e877d00000)]
  0x00000232e14f2950 JavaThread "File watcher server" daemon [_thread_in_native, id=20804, stack(0x000000e877d00000,0x000000e877e00000)]
  0x00000232e14f2e20 JavaThread "File watcher consumer" daemon [_thread_blocked, id=6868, stack(0x000000e877e00000,0x000000e877f00000)]
  0x00000232e21350d0 JavaThread "Cache worker for checksums cache (D:\DemoDoc\Project\LUXCOIN\.gradle\7.6.1\checksums)" [_thread_blocked, id=8648, stack(0x000000e877f00000,0x000000e878000000)]
  0x00000232e212ebc0 JavaThread "Cache worker for cache directory md-rule (C:\Users\acer\.gradle\caches\7.6.1\md-rule)" [_thread_blocked, id=19980, stack(0x000000e878000000,0x000000e878100000)]
  0x00000232e2132f20 JavaThread "Cache worker for file content cache (C:\Users\acer\.gradle\caches\7.6.1\fileContent)" [_thread_blocked, id=22980, stack(0x000000e878100000,0x000000e878200000)]
  0x00000232e21333f0 JavaThread "Cache worker for file hash cache (D:\DemoDoc\Project\LUXCOIN\.gradle\7.6.1\fileHashes)" [_thread_blocked, id=5704, stack(0x000000e878200000,0x000000e878300000)]
  0x00000232e21355a0 JavaThread "Cache worker for cache directory md-supplier (C:\Users\acer\.gradle\caches\7.6.1\md-supplier)" [_thread_blocked, id=11116, stack(0x000000e878c00000,0x000000e878d00000)]
  0x00000232e2135f40 JavaThread "Cache worker for execution history cache (C:\Users\acer\.gradle\caches\7.6.1\executionHistory)" [_thread_blocked, id=2984, stack(0x000000e878d00000,0x000000e878e00000)]
  0x00000232e2136410 JavaThread "jar transforms" [_thread_blocked, id=23988, stack(0x000000e878e00000,0x000000e878f00000)]
  0x00000232e2135a70 JavaThread "jar transforms Thread 2" [_thread_blocked, id=12248, stack(0x000000e878f00000,0x000000e879000000)]
  0x00000232e2133d90 JavaThread "jar transforms Thread 3" [_thread_blocked, id=21260, stack(0x000000e879000000,0x000000e879100000)]
  0x00000232e2132580 JavaThread "jar transforms Thread 4" [_thread_blocked, id=21744, stack(0x000000e879100000,0x000000e879200000)]
  0x00000232e2134c00 JavaThread "jar transforms Thread 5" [_thread_blocked, id=10460, stack(0x000000e879200000,0x000000e879300000)]
  0x00000232e2130d70 JavaThread "jar transforms Thread 6" [_thread_blocked, id=1228, stack(0x000000e879300000,0x000000e879400000)]
  0x00000232e2134260 JavaThread "jar transforms Thread 7" [_thread_blocked, id=16604, stack(0x000000e879400000,0x000000e879500000)]
  0x00000232e212fa30 JavaThread "jar transforms Thread 8" [_thread_blocked, id=15856, stack(0x000000e879500000,0x000000e879600000)]
  0x00000232e2132a50 JavaThread "jar transforms Thread 9" [_thread_blocked, id=17684, stack(0x000000e879600000,0x000000e879700000)]
  0x00000232e212ff00 JavaThread "jar transforms Thread 10" [_thread_blocked, id=25468, stack(0x000000e879700000,0x000000e879800000)]
  0x00000232e21303d0 JavaThread "Cache worker for dependencies-accessors (D:\DemoDoc\Project\LUXCOIN\.gradle\7.6.1\dependencies-accessors)" [_thread_blocked, id=12016, stack(0x000000e879800000,0x000000e879900000)]
  0x00000232e2131be0 JavaThread "jar transforms Thread 11" [_thread_blocked, id=21064, stack(0x000000e879900000,0x000000e879a00000)]
  0x00000232e2eda910 JavaThread "Cache worker for Build Output Cleanup Cache (D:\DemoDoc\Project\LUXCOIN\.gradle\buildOutputCleanup)" [_thread_blocked, id=6924, stack(0x000000e879a00000,0x000000e879b00000)]
  0x00000232e2edcf90 JavaThread "Unconstrained build operations" [_thread_blocked, id=19088, stack(0x000000e879c00000,0x000000e879d00000)]
  0x00000232e2ed8290 JavaThread "Unconstrained build operations Thread 2" [_thread_blocked, id=24088, stack(0x000000e879d00000,0x000000e879e00000)]
  0x00000232e2ed9100 JavaThread "Unconstrained build operations Thread 3" [_thread_blocked, id=15740, stack(0x000000e879e00000,0x000000e879f00000)]
  0x00000232e2ed9aa0 JavaThread "Unconstrained build operations Thread 4" [_thread_blocked, id=9528, stack(0x000000e879f00000,0x000000e87a000000)]
  0x00000232e2ed9f70 JavaThread "Unconstrained build operations Thread 5" [_thread_blocked, id=8816, stack(0x000000e87a000000,0x000000e87a100000)]
  0x00000232e2ed60e0 JavaThread "Unconstrained build operations Thread 6" [_thread_blocked, id=15428, stack(0x000000e87a100000,0x000000e87a200000)]
  0x00000232e2ed8760 JavaThread "Unconstrained build operations Thread 7" [_thread_blocked, id=13512, stack(0x000000e87a200000,0x000000e87a300000)]
  0x00000232e2edd460 JavaThread "Unconstrained build operations Thread 8" [_thread_blocked, id=6764, stack(0x000000e87a300000,0x000000e87a400000)]
  0x00000232e2ed65b0 JavaThread "Unconstrained build operations Thread 9" [_thread_blocked, id=21840, stack(0x000000e87a400000,0x000000e87a500000)]
  0x00000232e2ed7dc0 JavaThread "Unconstrained build operations Thread 10" [_thread_blocked, id=5800, stack(0x000000e87a500000,0x000000e87a600000)]
  0x00000232e2ed8c30 JavaThread "Unconstrained build operations Thread 11" [_thread_blocked, id=11672, stack(0x000000e87a600000,0x000000e87a700000)]
  0x00000232e2ed95d0 JavaThread "Unconstrained build operations Thread 12" [_thread_blocked, id=4572, stack(0x000000e87a700000,0x000000e87a800000)]
  0x00000232e2ed6a80 JavaThread "Unconstrained build operations Thread 13" [_thread_blocked, id=16624, stack(0x000000e87a800000,0x000000e87a900000)]
  0x00000232e2ed6f50 JavaThread "Unconstrained build operations Thread 14" [_thread_blocked, id=5388, stack(0x000000e87a900000,0x000000e87aa00000)]
  0x00000232e2edd930 JavaThread "Unconstrained build operations Thread 15" [_thread_blocked, id=20752, stack(0x000000e87aa00000,0x000000e87ab00000)]
  0x00000232e2edb780 JavaThread "Unconstrained build operations Thread 16" [_thread_blocked, id=19056, stack(0x000000e87ab00000,0x000000e87ac00000)]
  0x00000232e2eda440 JavaThread "Unconstrained build operations Thread 17" [_thread_blocked, id=21676, stack(0x000000e87ac00000,0x000000e87ad00000)]
  0x00000232e2edc120 JavaThread "Unconstrained build operations Thread 18" [_thread_blocked, id=24628, stack(0x000000e87ad00000,0x000000e87ae00000)]
  0x00000232e2edade0 JavaThread "jar transforms Thread 12" [_thread_blocked, id=6892, stack(0x000000e87ae00000,0x000000e87af00000)]
  0x00000232e2edb2b0 JavaThread "jar transforms Thread 13" [_thread_blocked, id=1180, stack(0x000000e87af00000,0x000000e87b000000)]
  0x00000232e2edbc50 JavaThread "jar transforms Thread 14" [_thread_blocked, id=12984, stack(0x000000e87b000000,0x000000e87b100000)]
  0x00000232e2ed78f0 JavaThread "jar transforms Thread 15" [_thread_blocked, id=1104, stack(0x000000e87b100000,0x000000e87b200000)]
  0x00000232e2edc5f0 JavaThread "jar transforms Thread 16" [_thread_blocked, id=13968, stack(0x000000e87b200000,0x000000e87b300000)]
  0x00000232e22ecb30 JavaThread "Memory manager" [_thread_blocked, id=15464, stack(0x000000e87b300000,0x000000e87b400000)]

Other Threads:
  0x00000232db34e360 VMThread "VM Thread" [stack: 0x000000e875e00000,0x000000e875f00000] [id=18960]
  0x00000232bdddbab0 WatcherThread [stack: 0x000000e876a00000,0x000000e876b00000] [id=2728]
  0x00000232bddc4160 GCTaskThread "GC Thread#0" [stack: 0x000000e875900000,0x000000e875a00000] [id=17136]
  0x00000232e05223c0 GCTaskThread "GC Thread#1" [stack: 0x000000e876b00000,0x000000e876c00000] [id=14724]
  0x00000232e0522670 GCTaskThread "GC Thread#2" [stack: 0x000000e876c00000,0x000000e876d00000] [id=9624]
  0x00000232e0522920 GCTaskThread "GC Thread#3" [stack: 0x000000e876d00000,0x000000e876e00000] [id=25152]
  0x00000232e06a0bd0 GCTaskThread "GC Thread#4" [stack: 0x000000e876e00000,0x000000e876f00000] [id=23496]
  0x00000232e06a0e80 GCTaskThread "GC Thread#5" [stack: 0x000000e876f00000,0x000000e877000000] [id=16436]
  0x00000232e18dd880 GCTaskThread "GC Thread#6" [stack: 0x000000e878300000,0x000000e878400000] [id=348]
  0x00000232e18dc300 GCTaskThread "GC Thread#7" [stack: 0x000000e878400000,0x000000e878500000] [id=10972]
  0x00000232e18dcb10 GCTaskThread "GC Thread#8" [stack: 0x000000e878500000,0x000000e878600000] [id=15144]
  0x00000232e18dd320 GCTaskThread "GC Thread#9" [stack: 0x000000e878600000,0x000000e878700000] [id=21992]
  0x00000232e18dcdc0 GCTaskThread "GC Thread#10" [stack: 0x000000e878700000,0x000000e878800000] [id=18424]
  0x00000232e18dd5d0 GCTaskThread "GC Thread#11" [stack: 0x000000e878800000,0x000000e878900000] [id=11600]
  0x00000232e18dd070 GCTaskThread "GC Thread#12" [stack: 0x000000e878900000,0x000000e878a00000] [id=23612]
  0x00000232bddc8fb0 ConcurrentGCThread "G1 Main Marker" [stack: 0x000000e875a00000,0x000000e875b00000] [id=15576]
  0x00000232bddc9a30 ConcurrentGCThread "G1 Conc#0" [stack: 0x000000e875b00000,0x000000e875c00000] [id=18968]
  0x00000232e18ddb30 ConcurrentGCThread "G1 Conc#1" [stack: 0x000000e878a00000,0x000000e878b00000] [id=15328]
  0x00000232e18dc050 ConcurrentGCThread "G1 Conc#2" [stack: 0x000000e878b00000,0x000000e878c00000] [id=6788]
  0x00000232bde5dcd0 ConcurrentGCThread "G1 Refine#0" [stack: 0x000000e875c00000,0x000000e875d00000] [id=20476]
  0x00000232bde5e600 ConcurrentGCThread "G1 Service" [stack: 0x000000e875d00000,0x000000e875e00000] [id=17024]

Threads with active compile tasks:
C2 CompilerThread0     7616 5197       4       java.util.Arrays::binarySearch0 (95 bytes)

VM state: not at safepoint (normal execution)

VM Mutex/Monitor currently owned by a thread: None

Heap address: 0x00000000e0000000, size: 512 MB, Compressed Oops mode: 32-bit

CDS archive(s) mapped at: [0x0000000800000000-0x0000000800bc0000-0x0000000800bc0000), size 12320768, SharedBaseAddress: 0x0000000800000000, ArchiveRelocationMode: 0.
Compressed class space mapped at: 0x0000000801000000-0x000000080e000000, reserved size: 218103808
Narrow klass base: 0x0000000800000000, Narrow klass shift: 0, Narrow klass range: 0x100000000

GC Precious Log:
 CPUs: 16 total, 16 available
 Memory: 16147M
 Large Page Support: Disabled
 NUMA Support: Disabled
 Compressed Oops: Enabled (32-bit)
 Heap Region Size: 1M
 Heap Min Capacity: 256M
 Heap Initial Capacity: 256M
 Heap Max Capacity: 512M
 Pre-touch: Disabled
 Parallel Workers: 13
 Concurrent Workers: 3
 Concurrent Refinement Workers: 13
 Periodic GC: Disabled

Heap:
 garbage-first heap   total 262144K, used 117345K [0x00000000e0000000, 0x0000000100000000)
  region size 1024K, 88 young (90112K), 1 survivors (1024K)
 Metaspace       used 49946K, committed 50496K, reserved 278528K
  class space    used 6899K, committed 7168K, reserved 212992K

Heap Regions: E=young(eden), S=young(survivor), O=old, HS=humongous(starts), HC=humongous(continues), CS=collection set, F=free, OA=open archive, CA=closed archive, TAMS=top-at-mark-start (previous, next)
|   0|0x00000000e0000000, 0x00000000e0100000, 0x00000000e0100000|100%|HS|  |TAMS 0x00000000e0100000, 0x00000000e0000000| Complete 
|   1|0x00000000e0100000, 0x00000000e0200000, 0x00000000e0200000|100%|HC|  |TAMS 0x00000000e0200000, 0x00000000e0100000| Complete 
|   2|0x00000000e0200000, 0x00000000e0300000, 0x00000000e0300000|100%|HC|  |TAMS 0x00000000e0300000, 0x00000000e0200000| Complete 
|   3|0x00000000e0300000, 0x00000000e0400000, 0x00000000e0400000|100%| O|  |TAMS 0x00000000e0400000, 0x00000000e0300000| Untracked 
|   4|0x00000000e0400000, 0x00000000e0500000, 0x00000000e0500000|100%| O|  |TAMS 0x00000000e0500000, 0x00000000e0400000| Untracked 
|   5|0x00000000e0500000, 0x00000000e0600000, 0x00000000e0600000|100%| O|  |TAMS 0x00000000e0600000, 0x00000000e0500000| Untracked 
|   6|0x00000000e0600000, 0x00000000e0600000, 0x00000000e0700000|  0%| F|  |TAMS 0x00000000e0600000, 0x00000000e0600000| Untracked 
|   7|0x00000000e0700000, 0x00000000e0800000, 0x00000000e0800000|100%| O|  |TAMS 0x00000000e0800000, 0x00000000e0700000| Untracked 
|   8|0x00000000e0800000, 0x00000000e0900000, 0x00000000e0900000|100%| O|  |TAMS 0x00000000e0900000, 0x00000000e0800000| Untracked 
|   9|0x00000000e0900000, 0x00000000e0a00000, 0x00000000e0a00000|100%| O|  |TAMS 0x00000000e0a00000, 0x00000000e0900000| Untracked 
|  10|0x00000000e0a00000, 0x00000000e0b00000, 0x00000000e0b00000|100%| O|  |TAMS 0x00000000e0b00000, 0x00000000e0a00000| Untracked 
|  11|0x00000000e0b00000, 0x00000000e0c00000, 0x00000000e0c00000|100%| O|  |TAMS 0x00000000e0c00000, 0x00000000e0b00000| Untracked 
|  12|0x00000000e0c00000, 0x00000000e0d00000, 0x00000000e0d00000|100%| O|  |TAMS 0x00000000e0d00000, 0x00000000e0c00000| Untracked 
|  13|0x00000000e0d00000, 0x00000000e0e00000, 0x00000000e0e00000|100%| O|  |TAMS 0x00000000e0e00000, 0x00000000e0d00000| Untracked 
|  14|0x00000000e0e00000, 0x00000000e0f00000, 0x00000000e0f00000|100%| O|  |TAMS 0x00000000e0f00000, 0x00000000e0e00000| Untracked 
|  15|0x00000000e0f00000, 0x00000000e1000000, 0x00000000e1000000|100%| O|  |TAMS 0x00000000e1000000, 0x00000000e0f00000| Untracked 
|  16|0x00000000e1000000, 0x00000000e1100000, 0x00000000e1100000|100%| O|  |TAMS 0x00000000e1100000, 0x00000000e1000000| Untracked 
|  17|0x00000000e1100000, 0x00000000e1200000, 0x00000000e1200000|100%| O|  |TAMS 0x00000000e1200000, 0x00000000e1100000| Untracked 
|  18|0x00000000e1200000, 0x00000000e1300000, 0x00000000e1300000|100%| O|  |TAMS 0x00000000e1300000, 0x00000000e1200000| Untracked 
|  19|0x00000000e1300000, 0x00000000e1400000, 0x00000000e1400000|100%| O|  |TAMS 0x00000000e1400000, 0x00000000e1300000| Untracked 
|  20|0x00000000e1400000, 0x00000000e1500000, 0x00000000e1500000|100%| O|  |TAMS 0x00000000e1500000, 0x00000000e1400000| Untracked 
|  21|0x00000000e1500000, 0x00000000e1600000, 0x00000000e1600000|100%| O|  |TAMS 0x00000000e1600000, 0x00000000e1500000| Untracked 
|  22|0x00000000e1600000, 0x00000000e1700000, 0x00000000e1700000|100%| O|  |TAMS 0x00000000e1700000, 0x00000000e1600000| Untracked 
|  23|0x00000000e1700000, 0x00000000e1800000, 0x00000000e1800000|100%| O|  |TAMS 0x00000000e1800000, 0x00000000e1700000| Untracked 
|  24|0x00000000e1800000, 0x00000000e1900000, 0x00000000e1900000|100%| O|  |TAMS 0x00000000e1900000, 0x00000000e1800000| Untracked 
|  25|0x00000000e1900000, 0x00000000e1a00000, 0x00000000e1a00000|100%| O|  |TAMS 0x00000000e1a00000, 0x00000000e1900000| Untracked 
|  26|0x00000000e1a00000, 0x00000000e1b00000, 0x00000000e1b00000|100%| O|  |TAMS 0x00000000e1b00000, 0x00000000e1a00000| Untracked 
|  27|0x00000000e1b00000, 0x00000000e1c00000, 0x00000000e1c00000|100%| O|  |TAMS 0x00000000e1c00000, 0x00000000e1b00000| Untracked 
|  28|0x00000000e1c00000, 0x00000000e1cf8c00, 0x00000000e1d00000| 97%| O|  |TAMS 0x00000000e1cf8c00, 0x00000000e1c00000| Untracked 
|  29|0x00000000e1d00000, 0x00000000e1d00000, 0x00000000e1e00000|  0%| F|  |TAMS 0x00000000e1d00000, 0x00000000e1d00000| Untracked 
|  30|0x00000000e1e00000, 0x00000000e1e00000, 0x00000000e1f00000|  0%| F|  |TAMS 0x00000000e1e00000, 0x00000000e1e00000| Untracked 
|  31|0x00000000e1f00000, 0x00000000e1f00000, 0x00000000e2000000|  0%| F|  |TAMS 0x00000000e1f00000, 0x00000000e1f00000| Untracked 
|  32|0x00000000e2000000, 0x00000000e2000000, 0x00000000e2100000|  0%| F|  |TAMS 0x00000000e2000000, 0x00000000e2000000| Untracked 
|  33|0x00000000e2100000, 0x00000000e2100000, 0x00000000e2200000|  0%| F|  |TAMS 0x00000000e2100000, 0x00000000e2100000| Untracked 
|  34|0x00000000e2200000, 0x00000000e2200000, 0x00000000e2300000|  0%| F|  |TAMS 0x00000000e2200000, 0x00000000e2200000| Untracked 
|  35|0x00000000e2300000, 0x00000000e2300000, 0x00000000e2400000|  0%| F|  |TAMS 0x00000000e2300000, 0x00000000e2300000| Untracked 
|  36|0x00000000e2400000, 0x00000000e2400000, 0x00000000e2500000|  0%| F|  |TAMS 0x00000000e2400000, 0x00000000e2400000| Untracked 
|  37|0x00000000e2500000, 0x00000000e2500000, 0x00000000e2600000|  0%| F|  |TAMS 0x00000000e2500000, 0x00000000e2500000| Untracked 
|  38|0x00000000e2600000, 0x00000000e2600000, 0x00000000e2700000|  0%| F|  |TAMS 0x00000000e2600000, 0x00000000e2600000| Untracked 
|  39|0x00000000e2700000, 0x00000000e2700000, 0x00000000e2800000|  0%| F|  |TAMS 0x00000000e2700000, 0x00000000e2700000| Untracked 
|  40|0x00000000e2800000, 0x00000000e2800000, 0x00000000e2900000|  0%| F|  |TAMS 0x00000000e2800000, 0x00000000e2800000| Untracked 
|  41|0x00000000e2900000, 0x00000000e2900000, 0x00000000e2a00000|  0%| F|  |TAMS 0x00000000e2900000, 0x00000000e2900000| Untracked 
|  42|0x00000000e2a00000, 0x00000000e2a00000, 0x00000000e2b00000|  0%| F|  |TAMS 0x00000000e2a00000, 0x00000000e2a00000| Untracked 
|  43|0x00000000e2b00000, 0x00000000e2b00000, 0x00000000e2c00000|  0%| F|  |TAMS 0x00000000e2b00000, 0x00000000e2b00000| Untracked 
|  44|0x00000000e2c00000, 0x00000000e2c00000, 0x00000000e2d00000|  0%| F|  |TAMS 0x00000000e2c00000, 0x00000000e2c00000| Untracked 
|  45|0x00000000e2d00000, 0x00000000e2d00000, 0x00000000e2e00000|  0%| F|  |TAMS 0x00000000e2d00000, 0x00000000e2d00000| Untracked 
|  46|0x00000000e2e00000, 0x00000000e2e00000, 0x00000000e2f00000|  0%| F|  |TAMS 0x00000000e2e00000, 0x00000000e2e00000| Untracked 
|  47|0x00000000e2f00000, 0x00000000e2f00000, 0x00000000e3000000|  0%| F|  |TAMS 0x00000000e2f00000, 0x00000000e2f00000| Untracked 
|  48|0x00000000e3000000, 0x00000000e3000000, 0x00000000e3100000|  0%| F|  |TAMS 0x00000000e3000000, 0x00000000e3000000| Untracked 
|  49|0x00000000e3100000, 0x00000000e3100000, 0x00000000e3200000|  0%| F|  |TAMS 0x00000000e3100000, 0x00000000e3100000| Untracked 
|  50|0x00000000e3200000, 0x00000000e3200000, 0x00000000e3300000|  0%| F|  |TAMS 0x00000000e3200000, 0x00000000e3200000| Untracked 
|  51|0x00000000e3300000, 0x00000000e3300000, 0x00000000e3400000|  0%| F|  |TAMS 0x00000000e3300000, 0x00000000e3300000| Untracked 
|  52|0x00000000e3400000, 0x00000000e3400000, 0x00000000e3500000|  0%| F|  |TAMS 0x00000000e3400000, 0x00000000e3400000| Untracked 
|  53|0x00000000e3500000, 0x00000000e3500000, 0x00000000e3600000|  0%| F|  |TAMS 0x00000000e3500000, 0x00000000e3500000| Untracked 
|  54|0x00000000e3600000, 0x00000000e3600000, 0x00000000e3700000|  0%| F|  |TAMS 0x00000000e3600000, 0x00000000e3600000| Untracked 
|  55|0x00000000e3700000, 0x00000000e3700000, 0x00000000e3800000|  0%| F|  |TAMS 0x00000000e3700000, 0x00000000e3700000| Untracked 
|  56|0x00000000e3800000, 0x00000000e3800000, 0x00000000e3900000|  0%| F|  |TAMS 0x00000000e3800000, 0x00000000e3800000| Untracked 
|  57|0x00000000e3900000, 0x00000000e3900000, 0x00000000e3a00000|  0%| F|  |TAMS 0x00000000e3900000, 0x00000000e3900000| Untracked 
|  58|0x00000000e3a00000, 0x00000000e3a00000, 0x00000000e3b00000|  0%| F|  |TAMS 0x00000000e3a00000, 0x00000000e3a00000| Untracked 
|  59|0x00000000e3b00000, 0x00000000e3b00000, 0x00000000e3c00000|  0%| F|  |TAMS 0x00000000e3b00000, 0x00000000e3b00000| Untracked 
|  60|0x00000000e3c00000, 0x00000000e3c00000, 0x00000000e3d00000|  0%| F|  |TAMS 0x00000000e3c00000, 0x00000000e3c00000| Untracked 
|  61|0x00000000e3d00000, 0x00000000e3d00000, 0x00000000e3e00000|  0%| F|  |TAMS 0x00000000e3d00000, 0x00000000e3d00000| Untracked 
|  62|0x00000000e3e00000, 0x00000000e3e00000, 0x00000000e3f00000|  0%| F|  |TAMS 0x00000000e3e00000, 0x00000000e3e00000| Untracked 
|  63|0x00000000e3f00000, 0x00000000e3f00000, 0x00000000e4000000|  0%| F|  |TAMS 0x00000000e3f00000, 0x00000000e3f00000| Untracked 
|  64|0x00000000e4000000, 0x00000000e4000000, 0x00000000e4100000|  0%| F|  |TAMS 0x00000000e4000000, 0x00000000e4000000| Untracked 
|  65|0x00000000e4100000, 0x00000000e4100000, 0x00000000e4200000|  0%| F|  |TAMS 0x00000000e4100000, 0x00000000e4100000| Untracked 
|  66|0x00000000e4200000, 0x00000000e4200000, 0x00000000e4300000|  0%| F|  |TAMS 0x00000000e4200000, 0x00000000e4200000| Untracked 
|  67|0x00000000e4300000, 0x00000000e4300000, 0x00000000e4400000|  0%| F|  |TAMS 0x00000000e4300000, 0x00000000e4300000| Untracked 
|  68|0x00000000e4400000, 0x00000000e4400000, 0x00000000e4500000|  0%| F|  |TAMS 0x00000000e4400000, 0x00000000e4400000| Untracked 
|  69|0x00000000e4500000, 0x00000000e4500000, 0x00000000e4600000|  0%| F|  |TAMS 0x00000000e4500000, 0x00000000e4500000| Untracked 
|  70|0x00000000e4600000, 0x00000000e4600000, 0x00000000e4700000|  0%| F|  |TAMS 0x00000000e4600000, 0x00000000e4600000| Untracked 
|  71|0x00000000e4700000, 0x00000000e4700000, 0x00000000e4800000|  0%| F|  |TAMS 0x00000000e4700000, 0x00000000e4700000| Untracked 
|  72|0x00000000e4800000, 0x00000000e4800000, 0x00000000e4900000|  0%| F|  |TAMS 0x00000000e4800000, 0x00000000e4800000| Untracked 
|  73|0x00000000e4900000, 0x00000000e4900000, 0x00000000e4a00000|  0%| F|  |TAMS 0x00000000e4900000, 0x00000000e4900000| Untracked 
|  74|0x00000000e4a00000, 0x00000000e4a00000, 0x00000000e4b00000|  0%| F|  |TAMS 0x00000000e4a00000, 0x00000000e4a00000| Untracked 
|  75|0x00000000e4b00000, 0x00000000e4b00000, 0x00000000e4c00000|  0%| F|  |TAMS 0x00000000e4b00000, 0x00000000e4b00000| Untracked 
|  76|0x00000000e4c00000, 0x00000000e4c00000, 0x00000000e4d00000|  0%| F|  |TAMS 0x00000000e4c00000, 0x00000000e4c00000| Untracked 
|  77|0x00000000e4d00000, 0x00000000e4d00000, 0x00000000e4e00000|  0%| F|  |TAMS 0x00000000e4d00000, 0x00000000e4d00000| Untracked 
|  78|0x00000000e4e00000, 0x00000000e4e00000, 0x00000000e4f00000|  0%| F|  |TAMS 0x00000000e4e00000, 0x00000000e4e00000| Untracked 
|  79|0x00000000e4f00000, 0x00000000e4f00000, 0x00000000e5000000|  0%| F|  |TAMS 0x00000000e4f00000, 0x00000000e4f00000| Untracked 
|  80|0x00000000e5000000, 0x00000000e5000000, 0x00000000e5100000|  0%| F|  |TAMS 0x00000000e5000000, 0x00000000e5000000| Untracked 
|  81|0x00000000e5100000, 0x00000000e5100000, 0x00000000e5200000|  0%| F|  |TAMS 0x00000000e5100000, 0x00000000e5100000| Untracked 
|  82|0x00000000e5200000, 0x00000000e5200000, 0x00000000e5300000|  0%| F|  |TAMS 0x00000000e5200000, 0x00000000e5200000| Untracked 
|  83|0x00000000e5300000, 0x00000000e5300000, 0x00000000e5400000|  0%| F|  |TAMS 0x00000000e5300000, 0x00000000e5300000| Untracked 
|  84|0x00000000e5400000, 0x00000000e5400000, 0x00000000e5500000|  0%| F|  |TAMS 0x00000000e5400000, 0x00000000e5400000| Untracked 
|  85|0x00000000e5500000, 0x00000000e5500000, 0x00000000e5600000|  0%| F|  |TAMS 0x00000000e5500000, 0x00000000e5500000| Untracked 
|  86|0x00000000e5600000, 0x00000000e5600000, 0x00000000e5700000|  0%| F|  |TAMS 0x00000000e5600000, 0x00000000e5600000| Untracked 
|  87|0x00000000e5700000, 0x00000000e5700000, 0x00000000e5800000|  0%| F|  |TAMS 0x00000000e5700000, 0x00000000e5700000| Untracked 
|  88|0x00000000e5800000, 0x00000000e5800000, 0x00000000e5900000|  0%| F|  |TAMS 0x00000000e5800000, 0x00000000e5800000| Untracked 
|  89|0x00000000e5900000, 0x00000000e5900000, 0x00000000e5a00000|  0%| F|  |TAMS 0x00000000e5900000, 0x00000000e5900000| Untracked 
|  90|0x00000000e5a00000, 0x00000000e5a00000, 0x00000000e5b00000|  0%| F|  |TAMS 0x00000000e5a00000, 0x00000000e5a00000| Untracked 
|  91|0x00000000e5b00000, 0x00000000e5b00000, 0x00000000e5c00000|  0%| F|  |TAMS 0x00000000e5b00000, 0x00000000e5b00000| Untracked 
|  92|0x00000000e5c00000, 0x00000000e5c00000, 0x00000000e5d00000|  0%| F|  |TAMS 0x00000000e5c00000, 0x00000000e5c00000| Untracked 
|  93|0x00000000e5d00000, 0x00000000e5d00000, 0x00000000e5e00000|  0%| F|  |TAMS 0x00000000e5d00000, 0x00000000e5d00000| Untracked 
|  94|0x00000000e5e00000, 0x00000000e5e00000, 0x00000000e5f00000|  0%| F|  |TAMS 0x00000000e5e00000, 0x00000000e5e00000| Untracked 
|  95|0x00000000e5f00000, 0x00000000e5f00000, 0x00000000e6000000|  0%| F|  |TAMS 0x00000000e5f00000, 0x00000000e5f00000| Untracked 
|  96|0x00000000e6000000, 0x00000000e6000000, 0x00000000e6100000|  0%| F|  |TAMS 0x00000000e6000000, 0x00000000e6000000| Untracked 
|  97|0x00000000e6100000, 0x00000000e6100000, 0x00000000e6200000|  0%| F|  |TAMS 0x00000000e6100000, 0x00000000e6100000| Untracked 
|  98|0x00000000e6200000, 0x00000000e6200000, 0x00000000e6300000|  0%| F|  |TAMS 0x00000000e6200000, 0x00000000e6200000| Untracked 
|  99|0x00000000e6300000, 0x00000000e6300000, 0x00000000e6400000|  0%| F|  |TAMS 0x00000000e6300000, 0x00000000e6300000| Untracked 
| 100|0x00000000e6400000, 0x00000000e6400000, 0x00000000e6500000|  0%| F|  |TAMS 0x00000000e6400000, 0x00000000e6400000| Untracked 
| 101|0x00000000e6500000, 0x00000000e6500000, 0x00000000e6600000|  0%| F|  |TAMS 0x00000000e6500000, 0x00000000e6500000| Untracked 
| 102|0x00000000e6600000, 0x00000000e6600000, 0x00000000e6700000|  0%| F|  |TAMS 0x00000000e6600000, 0x00000000e6600000| Untracked 
| 103|0x00000000e6700000, 0x00000000e6700000, 0x00000000e6800000|  0%| F|  |TAMS 0x00000000e6700000, 0x00000000e6700000| Untracked 
| 104|0x00000000e6800000, 0x00000000e6800000, 0x00000000e6900000|  0%| F|  |TAMS 0x00000000e6800000, 0x00000000e6800000| Untracked 
| 105|0x00000000e6900000, 0x00000000e6900000, 0x00000000e6a00000|  0%| F|  |TAMS 0x00000000e6900000, 0x00000000e6900000| Untracked 
| 106|0x00000000e6a00000, 0x00000000e6a00000, 0x00000000e6b00000|  0%| F|  |TAMS 0x00000000e6a00000, 0x00000000e6a00000| Untracked 
| 107|0x00000000e6b00000, 0x00000000e6b00000, 0x00000000e6c00000|  0%| F|  |TAMS 0x00000000e6b00000, 0x00000000e6b00000| Untracked 
| 108|0x00000000e6c00000, 0x00000000e6c00000, 0x00000000e6d00000|  0%| F|  |TAMS 0x00000000e6c00000, 0x00000000e6c00000| Untracked 
| 109|0x00000000e6d00000, 0x00000000e6d00000, 0x00000000e6e00000|  0%| F|  |TAMS 0x00000000e6d00000, 0x00000000e6d00000| Untracked 
| 110|0x00000000e6e00000, 0x00000000e6e00000, 0x00000000e6f00000|  0%| F|  |TAMS 0x00000000e6e00000, 0x00000000e6e00000| Untracked 
| 111|0x00000000e6f00000, 0x00000000e6f00000, 0x00000000e7000000|  0%| F|  |TAMS 0x00000000e6f00000, 0x00000000e6f00000| Untracked 
| 112|0x00000000e7000000, 0x00000000e7000000, 0x00000000e7100000|  0%| F|  |TAMS 0x00000000e7000000, 0x00000000e7000000| Untracked 
| 113|0x00000000e7100000, 0x00000000e7100000, 0x00000000e7200000|  0%| F|  |TAMS 0x00000000e7100000, 0x00000000e7100000| Untracked 
| 114|0x00000000e7200000, 0x00000000e7200000, 0x00000000e7300000|  0%| F|  |TAMS 0x00000000e7200000, 0x00000000e7200000| Untracked 
| 115|0x00000000e7300000, 0x00000000e7300000, 0x00000000e7400000|  0%| F|  |TAMS 0x00000000e7300000, 0x00000000e7300000| Untracked 
| 116|0x00000000e7400000, 0x00000000e7400000, 0x00000000e7500000|  0%| F|  |TAMS 0x00000000e7400000, 0x00000000e7400000| Untracked 
| 117|0x00000000e7500000, 0x00000000e7500000, 0x00000000e7600000|  0%| F|  |TAMS 0x00000000e7500000, 0x00000000e7500000| Untracked 
| 118|0x00000000e7600000, 0x00000000e7600000, 0x00000000e7700000|  0%| F|  |TAMS 0x00000000e7600000, 0x00000000e7600000| Untracked 
| 119|0x00000000e7700000, 0x00000000e7700000, 0x00000000e7800000|  0%| F|  |TAMS 0x00000000e7700000, 0x00000000e7700000| Untracked 
| 120|0x00000000e7800000, 0x00000000e7800000, 0x00000000e7900000|  0%| F|  |TAMS 0x00000000e7800000, 0x00000000e7800000| Untracked 
| 121|0x00000000e7900000, 0x00000000e7900000, 0x00000000e7a00000|  0%| F|  |TAMS 0x00000000e7900000, 0x00000000e7900000| Untracked 
| 122|0x00000000e7a00000, 0x00000000e7a00000, 0x00000000e7b00000|  0%| F|  |TAMS 0x00000000e7a00000, 0x00000000e7a00000| Untracked 
| 123|0x00000000e7b00000, 0x00000000e7b00000, 0x00000000e7c00000|  0%| F|  |TAMS 0x00000000e7b00000, 0x00000000e7b00000| Untracked 
| 124|0x00000000e7c00000, 0x00000000e7c00000, 0x00000000e7d00000|  0%| F|  |TAMS 0x00000000e7c00000, 0x00000000e7c00000| Untracked 
| 125|0x00000000e7d00000, 0x00000000e7d00000, 0x00000000e7e00000|  0%| F|  |TAMS 0x00000000e7d00000, 0x00000000e7d00000| Untracked 
| 126|0x00000000e7e00000, 0x00000000e7e00000, 0x00000000e7f00000|  0%| F|  |TAMS 0x00000000e7e00000, 0x00000000e7e00000| Untracked 
| 127|0x00000000e7f00000, 0x00000000e7f00000, 0x00000000e8000000|  0%| F|  |TAMS 0x00000000e7f00000, 0x00000000e7f00000| Untracked 
| 128|0x00000000e8000000, 0x00000000e8000000, 0x00000000e8100000|  0%| F|  |TAMS 0x00000000e8000000, 0x00000000e8000000| Untracked 
| 129|0x00000000e8100000, 0x00000000e8100000, 0x00000000e8200000|  0%| F|  |TAMS 0x00000000e8100000, 0x00000000e8100000| Untracked 
| 130|0x00000000e8200000, 0x00000000e8200000, 0x00000000e8300000|  0%| F|  |TAMS 0x00000000e8200000, 0x00000000e8200000| Untracked 
| 131|0x00000000e8300000, 0x00000000e8300000, 0x00000000e8400000|  0%| F|  |TAMS 0x00000000e8300000, 0x00000000e8300000| Untracked 
| 132|0x00000000e8400000, 0x00000000e8400000, 0x00000000e8500000|  0%| F|  |TAMS 0x00000000e8400000, 0x00000000e8400000| Untracked 
| 133|0x00000000e8500000, 0x00000000e8500000, 0x00000000e8600000|  0%| F|  |TAMS 0x00000000e8500000, 0x00000000e8500000| Untracked 
| 134|0x00000000e8600000, 0x00000000e8600000, 0x00000000e8700000|  0%| F|  |TAMS 0x00000000e8600000, 0x00000000e8600000| Untracked 
| 135|0x00000000e8700000, 0x00000000e8700000, 0x00000000e8800000|  0%| F|  |TAMS 0x00000000e8700000, 0x00000000e8700000| Untracked 
| 136|0x00000000e8800000, 0x00000000e8800000, 0x00000000e8900000|  0%| F|  |TAMS 0x00000000e8800000, 0x00000000e8800000| Untracked 
| 137|0x00000000e8900000, 0x00000000e8900000, 0x00000000e8a00000|  0%| F|  |TAMS 0x00000000e8900000, 0x00000000e8900000| Untracked 
| 138|0x00000000e8a00000, 0x00000000e8a00000, 0x00000000e8b00000|  0%| F|  |TAMS 0x00000000e8a00000, 0x00000000e8a00000| Untracked 
| 139|0x00000000e8b00000, 0x00000000e8b00000, 0x00000000e8c00000|  0%| F|  |TAMS 0x00000000e8b00000, 0x00000000e8b00000| Untracked 
| 140|0x00000000e8c00000, 0x00000000e8c00000, 0x00000000e8d00000|  0%| F|  |TAMS 0x00000000e8c00000, 0x00000000e8c00000| Untracked 
| 141|0x00000000e8d00000, 0x00000000e8d00000, 0x00000000e8e00000|  0%| F|  |TAMS 0x00000000e8d00000, 0x00000000e8d00000| Untracked 
| 142|0x00000000e8e00000, 0x00000000e8e00000, 0x00000000e8f00000|  0%| F|  |TAMS 0x00000000e8e00000, 0x00000000e8e00000| Untracked 
| 143|0x00000000e8f00000, 0x00000000e8f00000, 0x00000000e9000000|  0%| F|  |TAMS 0x00000000e8f00000, 0x00000000e8f00000| Untracked 
| 144|0x00000000e9000000, 0x00000000e9000000, 0x00000000e9100000|  0%| F|  |TAMS 0x00000000e9000000, 0x00000000e9000000| Untracked 
| 145|0x00000000e9100000, 0x00000000e9100000, 0x00000000e9200000|  0%| F|  |TAMS 0x00000000e9100000, 0x00000000e9100000| Untracked 
| 146|0x00000000e9200000, 0x00000000e9200000, 0x00000000e9300000|  0%| F|  |TAMS 0x00000000e9200000, 0x00000000e9200000| Untracked 
| 147|0x00000000e9300000, 0x00000000e9300000, 0x00000000e9400000|  0%| F|  |TAMS 0x00000000e9300000, 0x00000000e9300000| Untracked 
| 148|0x00000000e9400000, 0x00000000e9400000, 0x00000000e9500000|  0%| F|  |TAMS 0x00000000e9400000, 0x00000000e9400000| Untracked 
| 149|0x00000000e9500000, 0x00000000e9500000, 0x00000000e9600000|  0%| F|  |TAMS 0x00000000e9500000, 0x00000000e9500000| Untracked 
| 150|0x00000000e9600000, 0x00000000e9600000, 0x00000000e9700000|  0%| F|  |TAMS 0x00000000e9600000, 0x00000000e9600000| Untracked 
| 151|0x00000000e9700000, 0x00000000e9700000, 0x00000000e9800000|  0%| F|  |TAMS 0x00000000e9700000, 0x00000000e9700000| Untracked 
| 152|0x00000000e9800000, 0x00000000e9800000, 0x00000000e9900000|  0%| F|  |TAMS 0x00000000e9800000, 0x00000000e9800000| Untracked 
| 153|0x00000000e9900000, 0x00000000e9900000, 0x00000000e9a00000|  0%| F|  |TAMS 0x00000000e9900000, 0x00000000e9900000| Untracked 
| 154|0x00000000e9a00000, 0x00000000e9a00000, 0x00000000e9b00000|  0%| F|  |TAMS 0x00000000e9a00000, 0x00000000e9a00000| Untracked 
| 155|0x00000000e9b00000, 0x00000000e9b00000, 0x00000000e9c00000|  0%| F|  |TAMS 0x00000000e9b00000, 0x00000000e9b00000| Untracked 
| 156|0x00000000e9c00000, 0x00000000e9c00000, 0x00000000e9d00000|  0%| F|  |TAMS 0x00000000e9c00000, 0x00000000e9c00000| Untracked 
| 157|0x00000000e9d00000, 0x00000000e9d00000, 0x00000000e9e00000|  0%| F|  |TAMS 0x00000000e9d00000, 0x00000000e9d00000| Untracked 
| 158|0x00000000e9e00000, 0x00000000e9e00000, 0x00000000e9f00000|  0%| F|  |TAMS 0x00000000e9e00000, 0x00000000e9e00000| Untracked 
| 159|0x00000000e9f00000, 0x00000000e9f00000, 0x00000000ea000000|  0%| F|  |TAMS 0x00000000e9f00000, 0x00000000e9f00000| Untracked 
| 160|0x00000000ea000000, 0x00000000ea000000, 0x00000000ea100000|  0%| F|  |TAMS 0x00000000ea000000, 0x00000000ea000000| Untracked 
| 161|0x00000000ea100000, 0x00000000ea100000, 0x00000000ea200000|  0%| F|  |TAMS 0x00000000ea100000, 0x00000000ea100000| Untracked 
| 162|0x00000000ea200000, 0x00000000ea200000, 0x00000000ea300000|  0%| F|  |TAMS 0x00000000ea200000, 0x00000000ea200000| Untracked 
| 163|0x00000000ea300000, 0x00000000ea300000, 0x00000000ea400000|  0%| F|  |TAMS 0x00000000ea300000, 0x00000000ea300000| Untracked 
| 164|0x00000000ea400000, 0x00000000ea400000, 0x00000000ea500000|  0%| F|  |TAMS 0x00000000ea400000, 0x00000000ea400000| Untracked 
| 165|0x00000000ea500000, 0x00000000ea500000, 0x00000000ea600000|  0%| F|  |TAMS 0x00000000ea500000, 0x00000000ea500000| Untracked 
| 166|0x00000000ea600000, 0x00000000ea600000, 0x00000000ea700000|  0%| F|  |TAMS 0x00000000ea600000, 0x00000000ea600000| Untracked 
| 167|0x00000000ea700000, 0x00000000ea700000, 0x00000000ea800000|  0%| F|  |TAMS 0x00000000ea700000, 0x00000000ea700000| Untracked 
| 168|0x00000000ea800000, 0x00000000ea880800, 0x00000000ea900000| 50%| E|  |TAMS 0x00000000ea800000, 0x00000000ea800000| Complete 
| 169|0x00000000ea900000, 0x00000000eaa00000, 0x00000000eaa00000|100%| E|CS|TAMS 0x00000000ea900000, 0x00000000ea900000| Complete 
| 170|0x00000000eaa00000, 0x00000000eab00000, 0x00000000eab00000|100%| E|CS|TAMS 0x00000000eaa00000, 0x00000000eaa00000| Complete 
| 171|0x00000000eab00000, 0x00000000eac00000, 0x00000000eac00000|100%| E|CS|TAMS 0x00000000eab00000, 0x00000000eab00000| Complete 
| 172|0x00000000eac00000, 0x00000000ead00000, 0x00000000ead00000|100%| E|CS|TAMS 0x00000000eac00000, 0x00000000eac00000| Complete 
| 173|0x00000000ead00000, 0x00000000eae00000, 0x00000000eae00000|100%| E|CS|TAMS 0x00000000ead00000, 0x00000000ead00000| Complete 
| 174|0x00000000eae00000, 0x00000000eaf00000, 0x00000000eaf00000|100%| E|CS|TAMS 0x00000000eae00000, 0x00000000eae00000| Complete 
| 175|0x00000000eaf00000, 0x00000000eb000000, 0x00000000eb000000|100%| E|CS|TAMS 0x00000000eaf00000, 0x00000000eaf00000| Complete 
| 176|0x00000000eb000000, 0x00000000eb100000, 0x00000000eb100000|100%| E|CS|TAMS 0x00000000eb000000, 0x00000000eb000000| Complete 
| 177|0x00000000eb100000, 0x00000000eb200000, 0x00000000eb200000|100%| E|CS|TAMS 0x00000000eb100000, 0x00000000eb100000| Complete 
| 178|0x00000000eb200000, 0x00000000eb300000, 0x00000000eb300000|100%| E|CS|TAMS 0x00000000eb200000, 0x00000000eb200000| Complete 
| 179|0x00000000eb300000, 0x00000000eb400000, 0x00000000eb400000|100%| E|CS|TAMS 0x00000000eb300000, 0x00000000eb300000| Complete 
| 180|0x00000000eb400000, 0x00000000eb500000, 0x00000000eb500000|100%| E|CS|TAMS 0x00000000eb400000, 0x00000000eb400000| Complete 
| 181|0x00000000eb500000, 0x00000000eb600000, 0x00000000eb600000|100%| E|CS|TAMS 0x00000000eb500000, 0x00000000eb500000| Complete 
| 182|0x00000000eb600000, 0x00000000eb700000, 0x00000000eb700000|100%| E|CS|TAMS 0x00000000eb600000, 0x00000000eb600000| Complete 
| 183|0x00000000eb700000, 0x00000000eb800000, 0x00000000eb800000|100%| E|CS|TAMS 0x00000000eb700000, 0x00000000eb700000| Complete 
| 184|0x00000000eb800000, 0x00000000eb900000, 0x00000000eb900000|100%| E|CS|TAMS 0x00000000eb800000, 0x00000000eb800000| Complete 
| 185|0x00000000eb900000, 0x00000000eba00000, 0x00000000eba00000|100%| E|CS|TAMS 0x00000000eb900000, 0x00000000eb900000| Complete 
| 186|0x00000000eba00000, 0x00000000ebb00000, 0x00000000ebb00000|100%| E|CS|TAMS 0x00000000eba00000, 0x00000000eba00000| Complete 
| 187|0x00000000ebb00000, 0x00000000ebc00000, 0x00000000ebc00000|100%| E|CS|TAMS 0x00000000ebb00000, 0x00000000ebb00000| Complete 
| 188|0x00000000ebc00000, 0x00000000ebd00000, 0x00000000ebd00000|100%| E|CS|TAMS 0x00000000ebc00000, 0x00000000ebc00000| Complete 
| 189|0x00000000ebd00000, 0x00000000ebe00000, 0x00000000ebe00000|100%| E|CS|TAMS 0x00000000ebd00000, 0x00000000ebd00000| Complete 
| 190|0x00000000ebe00000, 0x00000000ebf00000, 0x00000000ebf00000|100%| E|CS|TAMS 0x00000000ebe00000, 0x00000000ebe00000| Complete 
| 191|0x00000000ebf00000, 0x00000000ec000000, 0x00000000ec000000|100%| E|CS|TAMS 0x00000000ebf00000, 0x00000000ebf00000| Complete 
| 192|0x00000000ec000000, 0x00000000ec100000, 0x00000000ec100000|100%| E|CS|TAMS 0x00000000ec000000, 0x00000000ec000000| Complete 
| 193|0x00000000ec100000, 0x00000000ec200000, 0x00000000ec200000|100%| E|CS|TAMS 0x00000000ec100000, 0x00000000ec100000| Complete 
| 194|0x00000000ec200000, 0x00000000ec300000, 0x00000000ec300000|100%| E|CS|TAMS 0x00000000ec200000, 0x00000000ec200000| Complete 
| 195|0x00000000ec300000, 0x00000000ec400000, 0x00000000ec400000|100%| E|CS|TAMS 0x00000000ec300000, 0x00000000ec300000| Complete 
| 196|0x00000000ec400000, 0x00000000ec500000, 0x00000000ec500000|100%| E|CS|TAMS 0x00000000ec400000, 0x00000000ec400000| Complete 
| 197|0x00000000ec500000, 0x00000000ec600000, 0x00000000ec600000|100%| E|CS|TAMS 0x00000000ec500000, 0x00000000ec500000| Complete 
| 198|0x00000000ec600000, 0x00000000ec700000, 0x00000000ec700000|100%| E|CS|TAMS 0x00000000ec600000, 0x00000000ec600000| Complete 
| 199|0x00000000ec700000, 0x00000000ec800000, 0x00000000ec800000|100%| E|CS|TAMS 0x00000000ec700000, 0x00000000ec700000| Complete 
| 200|0x00000000ec800000, 0x00000000ec900000, 0x00000000ec900000|100%| E|CS|TAMS 0x00000000ec800000, 0x00000000ec800000| Complete 
| 201|0x00000000ec900000, 0x00000000eca00000, 0x00000000eca00000|100%| E|CS|TAMS 0x00000000ec900000, 0x00000000ec900000| Complete 
| 202|0x00000000eca00000, 0x00000000ecb00000, 0x00000000ecb00000|100%| E|CS|TAMS 0x00000000eca00000, 0x00000000eca00000| Complete 
| 203|0x00000000ecb00000, 0x00000000ecc00000, 0x00000000ecc00000|100%| E|CS|TAMS 0x00000000ecb00000, 0x00000000ecb00000| Complete 
| 204|0x00000000ecc00000, 0x00000000ecd00000, 0x00000000ecd00000|100%| E|CS|TAMS 0x00000000ecc00000, 0x00000000ecc00000| Complete 
| 205|0x00000000ecd00000, 0x00000000ece00000, 0x00000000ece00000|100%| E|CS|TAMS 0x00000000ecd00000, 0x00000000ecd00000| Complete 
| 206|0x00000000ece00000, 0x00000000ecf00000, 0x00000000ecf00000|100%| E|CS|TAMS 0x00000000ece00000, 0x00000000ece00000| Complete 
| 207|0x00000000ecf00000, 0x00000000ed000000, 0x00000000ed000000|100%| E|CS|TAMS 0x00000000ecf00000, 0x00000000ecf00000| Complete 
| 208|0x00000000ed000000, 0x00000000ed100000, 0x00000000ed100000|100%| E|CS|TAMS 0x00000000ed000000, 0x00000000ed000000| Complete 
| 209|0x00000000ed100000, 0x00000000ed200000, 0x00000000ed200000|100%| E|CS|TAMS 0x00000000ed100000, 0x00000000ed100000| Complete 
| 210|0x00000000ed200000, 0x00000000ed300000, 0x00000000ed300000|100%| E|CS|TAMS 0x00000000ed200000, 0x00000000ed200000| Complete 
| 211|0x00000000ed300000, 0x00000000ed400000, 0x00000000ed400000|100%| E|CS|TAMS 0x00000000ed300000, 0x00000000ed300000| Complete 
| 212|0x00000000ed400000, 0x00000000ed500000, 0x00000000ed500000|100%| E|CS|TAMS 0x00000000ed400000, 0x00000000ed400000| Complete 
| 213|0x00000000ed500000, 0x00000000ed600000, 0x00000000ed600000|100%| E|CS|TAMS 0x00000000ed500000, 0x00000000ed500000| Complete 
| 214|0x00000000ed600000, 0x00000000ed700000, 0x00000000ed700000|100%| E|CS|TAMS 0x00000000ed600000, 0x00000000ed600000| Complete 
| 215|0x00000000ed700000, 0x00000000ed800000, 0x00000000ed800000|100%| E|CS|TAMS 0x00000000ed700000, 0x00000000ed700000| Complete 
| 216|0x00000000ed800000, 0x00000000ed900000, 0x00000000ed900000|100%| E|CS|TAMS 0x00000000ed800000, 0x00000000ed800000| Complete 
| 217|0x00000000ed900000, 0x00000000eda00000, 0x00000000eda00000|100%| E|CS|TAMS 0x00000000ed900000, 0x00000000ed900000| Complete 
| 218|0x00000000eda00000, 0x00000000edb00000, 0x00000000edb00000|100%| E|CS|TAMS 0x00000000eda00000, 0x00000000eda00000| Complete 
| 219|0x00000000edb00000, 0x00000000edc00000, 0x00000000edc00000|100%| E|CS|TAMS 0x00000000edb00000, 0x00000000edb00000| Complete 
| 220|0x00000000edc00000, 0x00000000edd00000, 0x00000000edd00000|100%| E|CS|TAMS 0x00000000edc00000, 0x00000000edc00000| Complete 
| 221|0x00000000edd00000, 0x00000000ede00000, 0x00000000ede00000|100%| E|CS|TAMS 0x00000000edd00000, 0x00000000edd00000| Complete 
| 222|0x00000000ede00000, 0x00000000edf00000, 0x00000000edf00000|100%| E|CS|TAMS 0x00000000ede00000, 0x00000000ede00000| Complete 
| 223|0x00000000edf00000, 0x00000000ee000000, 0x00000000ee000000|100%| E|CS|TAMS 0x00000000edf00000, 0x00000000edf00000| Complete 
| 224|0x00000000ee000000, 0x00000000ee100000, 0x00000000ee100000|100%| E|CS|TAMS 0x00000000ee000000, 0x00000000ee000000| Complete 
| 225|0x00000000ee100000, 0x00000000ee200000, 0x00000000ee200000|100%| E|CS|TAMS 0x00000000ee100000, 0x00000000ee100000| Complete 
| 226|0x00000000ee200000, 0x00000000ee300000, 0x00000000ee300000|100%| E|CS|TAMS 0x00000000ee200000, 0x00000000ee200000| Complete 
| 227|0x00000000ee300000, 0x00000000ee400000, 0x00000000ee400000|100%| E|CS|TAMS 0x00000000ee300000, 0x00000000ee300000| Complete 
| 228|0x00000000ee400000, 0x00000000ee500000, 0x00000000ee500000|100%| E|CS|TAMS 0x00000000ee400000, 0x00000000ee400000| Complete 
| 229|0x00000000ee500000, 0x00000000ee600000, 0x00000000ee600000|100%| E|CS|TAMS 0x00000000ee500000, 0x00000000ee500000| Complete 
| 230|0x00000000ee600000, 0x00000000ee700000, 0x00000000ee700000|100%| E|CS|TAMS 0x00000000ee600000, 0x00000000ee600000| Complete 
| 231|0x00000000ee700000, 0x00000000ee800000, 0x00000000ee800000|100%| E|CS|TAMS 0x00000000ee700000, 0x00000000ee700000| Complete 
| 232|0x00000000ee800000, 0x00000000ee900000, 0x00000000ee900000|100%| E|CS|TAMS 0x00000000ee800000, 0x00000000ee800000| Complete 
| 233|0x00000000ee900000, 0x00000000eea00000, 0x00000000eea00000|100%| E|CS|TAMS 0x00000000ee900000, 0x00000000ee900000| Complete 
| 234|0x00000000eea00000, 0x00000000eeb00000, 0x00000000eeb00000|100%| E|CS|TAMS 0x00000000eea00000, 0x00000000eea00000| Complete 
| 235|0x00000000eeb00000, 0x00000000eec00000, 0x00000000eec00000|100%| E|CS|TAMS 0x00000000eeb00000, 0x00000000eeb00000| Complete 
| 236|0x00000000eec00000, 0x00000000eed00000, 0x00000000eed00000|100%| E|CS|TAMS 0x00000000eec00000, 0x00000000eec00000| Complete 
| 237|0x00000000eed00000, 0x00000000eee00000, 0x00000000eee00000|100%| E|CS|TAMS 0x00000000eed00000, 0x00000000eed00000| Complete 
| 238|0x00000000eee00000, 0x00000000eef00000, 0x00000000eef00000|100%| E|CS|TAMS 0x00000000eee00000, 0x00000000eee00000| Complete 
| 239|0x00000000eef00000, 0x00000000ef000000, 0x00000000ef000000|100%| E|CS|TAMS 0x00000000eef00000, 0x00000000eef00000| Complete 
| 240|0x00000000ef000000, 0x00000000ef100000, 0x00000000ef100000|100%| E|CS|TAMS 0x00000000ef000000, 0x00000000ef000000| Complete 
| 241|0x00000000ef100000, 0x00000000ef200000, 0x00000000ef200000|100%| E|CS|TAMS 0x00000000ef100000, 0x00000000ef100000| Complete 
| 242|0x00000000ef200000, 0x00000000ef300000, 0x00000000ef300000|100%| E|CS|TAMS 0x00000000ef200000, 0x00000000ef200000| Complete 
| 243|0x00000000ef300000, 0x00000000ef400000, 0x00000000ef400000|100%| E|CS|TAMS 0x00000000ef300000, 0x00000000ef300000| Complete 
| 244|0x00000000ef400000, 0x00000000ef500000, 0x00000000ef500000|100%| E|CS|TAMS 0x00000000ef400000, 0x00000000ef400000| Complete 
| 245|0x00000000ef500000, 0x00000000ef600000, 0x00000000ef600000|100%| E|CS|TAMS 0x00000000ef500000, 0x00000000ef500000| Complete 
| 246|0x00000000ef600000, 0x00000000ef700000, 0x00000000ef700000|100%| E|CS|TAMS 0x00000000ef600000, 0x00000000ef600000| Complete 
| 247|0x00000000ef700000, 0x00000000ef800000, 0x00000000ef800000|100%| E|CS|TAMS 0x00000000ef700000, 0x00000000ef700000| Complete 
| 248|0x00000000ef800000, 0x00000000ef900000, 0x00000000ef900000|100%| E|CS|TAMS 0x00000000ef800000, 0x00000000ef800000| Complete 
| 249|0x00000000ef900000, 0x00000000efa00000, 0x00000000efa00000|100%| E|CS|TAMS 0x00000000ef900000, 0x00000000ef900000| Complete 
| 250|0x00000000efa00000, 0x00000000efa9fbb8, 0x00000000efb00000| 62%| S|CS|TAMS 0x00000000efa00000, 0x00000000efa00000| Complete 
| 251|0x00000000efb00000, 0x00000000efc00000, 0x00000000efc00000|100%| E|CS|TAMS 0x00000000efb00000, 0x00000000efb00000| Complete 
| 252|0x00000000efc00000, 0x00000000efd00000, 0x00000000efd00000|100%| E|CS|TAMS 0x00000000efc00000, 0x00000000efc00000| Complete 
| 253|0x00000000efd00000, 0x00000000efe00000, 0x00000000efe00000|100%| E|CS|TAMS 0x00000000efd00000, 0x00000000efd00000| Complete 
| 254|0x00000000efe00000, 0x00000000eff00000, 0x00000000eff00000|100%| E|CS|TAMS 0x00000000efe00000, 0x00000000efe00000| Complete 
| 255|0x00000000eff00000, 0x00000000f0000000, 0x00000000f0000000|100%| E|CS|TAMS 0x00000000eff00000, 0x00000000eff00000| Complete 

Card table byte_map: [0x00000232d7150000,0x00000232d7250000] _byte_map_base: 0x00000232d6a50000

Marking Bits (Prev, Next): (CMBitMap*) 0x00000232bddc4680, (CMBitMap*) 0x00000232bddc46c0
 Prev Bits: [0x00000232d7350000, 0x00000232d7b50000)
 Next Bits: [0x00000232d7b50000, 0x00000232d8350000)

Polling page: 0x00000232bde60000

Metaspace:

Usage:
  Non-class:     42.04 MB used.
      Class:      6.74 MB used.
       Both:     48.78 MB used.

Virtual space:
  Non-class space:       64.00 MB reserved,      42.31 MB ( 66%) committed,  1 nodes.
      Class space:      208.00 MB reserved,       7.00 MB (  3%) committed,  1 nodes.
             Both:      272.00 MB reserved,      49.31 MB ( 18%) committed. 

Chunk freelists:
   Non-Class:  5.61 MB
       Class:  8.91 MB
        Both:  14.52 MB

MaxMetaspaceSize: 256.00 MB
CompressedClassSpaceSize: 208.00 MB
Initial GC threshold: 21.00 MB
Current GC threshold: 59.50 MB
CDS: on
MetaspaceReclaimPolicy: balanced
 - commit_granule_bytes: 65536.
 - commit_granule_words: 8192.
 - virtual_space_node_default_size: 8388608.
 - enlarge_chunks_in_place: 1.
 - new_chunks_are_fully_committed: 0.
 - uncommit_free_chunks: 1.
 - use_allocation_guard: 0.
 - handle_deallocations: 1.


Internal statistics:

num_allocs_failed_limit: 9.
num_arena_births: 510.
num_arena_deaths: 0.
num_vsnodes_births: 2.
num_vsnodes_deaths: 0.
num_space_committed: 789.
num_space_uncommitted: 0.
num_chunks_returned_to_freelist: 9.
num_chunks_taken_from_freelist: 2212.
num_chunk_merges: 9.
num_chunk_splits: 1491.
num_chunks_enlarged: 1024.
num_inconsistent_stats: 0.

CodeHeap 'non-profiled nmethods': size=119168Kb used=2561Kb max_used=2561Kb free=116606Kb
 bounds [0x00000232cec20000, 0x00000232ceeb0000, 0x00000232d6080000]
CodeHeap 'profiled nmethods': size=119104Kb used=11508Kb max_used=11508Kb free=107595Kb
 bounds [0x00000232c7080000, 0x00000232c7bc0000, 0x00000232ce4d0000]
CodeHeap 'non-nmethods': size=7488Kb used=2384Kb max_used=2428Kb free=5103Kb
 bounds [0x00000232ce4d0000, 0x00000232ce740000, 0x00000232cec20000]
 total_blobs=6315 nmethods=5421 adapters=805
 compilation: enabled
              stopped_count=0, restarted_count=0
 full_count=0

Compilation events (20 events):
Event: 7.572 Thread 0x00000232db37eab0 5423       1       org.gradle.cache.internal.CacheAccessWorker::access$300 (5 bytes)
Event: 7.572 Thread 0x00000232db37eab0 nmethod 5423 0x00000232cee9d210 code [0x00000232cee9d3a0, 0x00000232cee9d458]
Event: 7.573 Thread 0x00000232db37eab0 5433       3       java.util.concurrent.locks.AbstractQueuedSynchronizer$Node::setPrevRelaxed (12 bytes)
Event: 7.573 Thread 0x00000232db37eab0 nmethod 5433 0x00000232c7bb1490 code [0x00000232c7bb1620, 0x00000232c7bb1778]
Event: 7.573 Thread 0x00000232db37eab0 5419       1       org.gradle.cache.internal.CacheAccessWorker::access$200 (5 bytes)
Event: 7.573 Thread 0x00000232db37eab0 nmethod 5419 0x00000232cee9d510 code [0x00000232cee9d6a0, 0x00000232cee9d758]
Event: 7.573 Thread 0x00000232db37eab0 5430       1       org.gradle.cache.internal.btree.BTreePersistentIndexedCache::access$1800 (5 bytes)
Event: 7.573 Thread 0x00000232db37eab0 nmethod 5430 0x00000232cee9d810 code [0x00000232cee9d9a0, 0x00000232cee9da58]
Event: 7.573 Thread 0x00000232db37eab0 5431       1       org.gradle.internal.io.StreamByteBuffer::getInputStream (5 bytes)
Event: 7.573 Thread 0x00000232db37eab0 nmethod 5431 0x00000232cee9db10 code [0x00000232cee9dca0, 0x00000232cee9dd78]
Event: 7.573 Thread 0x00000232db37eab0 5432       1       org.gradle.internal.io.StreamByteBuffer::access$100 (5 bytes)
Event: 7.573 Thread 0x00000232db37eab0 nmethod 5432 0x00000232cee9de10 code [0x00000232cee9dfa0, 0x00000232cee9e058]
Event: 7.578 Thread 0x00000232db37eab0 5435   !   2       sun.nio.fs.WindowsPath::initOffsets (153 bytes)
Event: 7.580 Thread 0x00000232db37eab0 nmethod 5435 0x00000232c7bb1810 code [0x00000232c7bb1a80, 0x00000232c7bb27d8]
Event: 7.580 Thread 0x00000232db37eab0 5436       3       com.google.common.collect.MapMakerInternalMap$Segment::getEntry (80 bytes)
Event: 7.580 Thread 0x00000232db37eab0 nmethod 5436 0x00000232c7bb2f90 code [0x00000232c7bb3240, 0x00000232c7bb42e8]
Event: 7.587 Thread 0x00000232db37eab0 5437       1       com.google.common.collect.MapMakerInternalMap$StrongKeyWeakValueSegment::access$100 (5 bytes)
Event: 7.587 Thread 0x00000232db37eab0 nmethod 5437 0x00000232cee9e110 code [0x00000232cee9e2a0, 0x00000232cee9e358]
Event: 7.587 Thread 0x00000232db37eab0 5438       3       org.gradle.internal.operations.DefaultBuildOperationListenerManager$ProgressShieldingBuildOperationListener::started (29 bytes)
Event: 7.588 Thread 0x00000232db37eab0 nmethod 5438 0x00000232c7bb4790 code [0x00000232c7bb4940, 0x00000232c7bb4c38]

GC Heap History (12 events):
Event: 0.342 GC heap before
{Heap before GC invocations=0 (full 0):
 garbage-first heap   total 262144K, used 25600K [0x00000000e0000000, 0x0000000100000000)
  region size 1024K, 23 young (23552K), 0 survivors (0K)
 Metaspace       used 3034K, committed 3200K, reserved 278528K
  class space    used 380K, committed 448K, reserved 212992K
}
Event: 0.345 GC heap after
{Heap after GC invocations=1 (full 0):
 garbage-first heap   total 262144K, used 9445K [0x00000000e0000000, 0x0000000100000000)
  region size 1024K, 3 young (3072K), 3 survivors (3072K)
 Metaspace       used 3034K, committed 3200K, reserved 278528K
  class space    used 380K, committed 448K, reserved 212992K
}
Event: 0.526 GC heap before
{Heap before GC invocations=1 (full 0):
 garbage-first heap   total 262144K, used 40165K [0x00000000e0000000, 0x0000000100000000)
  region size 1024K, 32 young (32768K), 3 survivors (3072K)
 Metaspace       used 3976K, committed 4160K, reserved 278528K
  class space    used 477K, committed 576K, reserved 212992K
}
Event: 0.529 GC heap after
{Heap after GC invocations=2 (full 0):
 garbage-first heap   total 262144K, used 13736K [0x00000000e0000000, 0x0000000100000000)
  region size 1024K, 4 young (4096K), 4 survivors (4096K)
 Metaspace       used 3976K, committed 4160K, reserved 278528K
  class space    used 477K, committed 576K, reserved 212992K
}
Event: 1.810 GC heap before
{Heap before GC invocations=2 (full 0):
 garbage-first heap   total 262144K, used 112040K [0x00000000e0000000, 0x0000000100000000)
  region size 1024K, 101 young (103424K), 4 survivors (4096K)
 Metaspace       used 21231K, committed 21504K, reserved 278528K
  class space    used 3163K, committed 3264K, reserved 212992K
}
Event: 1.816 GC heap after
{Heap after GC invocations=3 (full 0):
 garbage-first heap   total 262144K, used 21021K [0x00000000e0000000, 0x0000000100000000)
  region size 1024K, 12 young (12288K), 12 survivors (12288K)
 Metaspace       used 21231K, committed 21504K, reserved 278528K
  class space    used 3163K, committed 3264K, reserved 212992K
}
Event: 2.774 GC heap before
{Heap before GC invocations=4 (full 0):
 garbage-first heap   total 262144K, used 124445K [0x00000000e0000000, 0x0000000100000000)
  region size 1024K, 111 young (113664K), 12 survivors (12288K)
 Metaspace       used 35688K, committed 36096K, reserved 278528K
  class space    used 4899K, committed 5120K, reserved 212992K
}
Event: 2.783 GC heap after
{Heap after GC invocations=5 (full 0):
 garbage-first heap   total 262144K, used 29745K [0x00000000e0000000, 0x0000000100000000)
  region size 1024K, 16 young (16384K), 16 survivors (16384K)
 Metaspace       used 35688K, committed 36096K, reserved 278528K
  class space    used 4899K, committed 5120K, reserved 212992K
}
Event: 2.793 GC heap before
{Heap before GC invocations=5 (full 0):
 garbage-first heap   total 262144K, used 30769K [0x00000000e0000000, 0x0000000100000000)
  region size 1024K, 17 young (17408K), 16 survivors (16384K)
 Metaspace       used 35800K, committed 36224K, reserved 278528K
  class space    used 4931K, committed 5120K, reserved 212992K
}
Event: 2.801 GC heap after
{Heap after GC invocations=6 (full 0):
 garbage-first heap   total 262144K, used 30642K [0x00000000e0000000, 0x0000000100000000)
  region size 1024K, 2 young (2048K), 2 survivors (2048K)
 Metaspace       used 35800K, committed 36224K, reserved 278528K
  class space    used 4931K, committed 5120K, reserved 212992K
}
Event: 2.817 GC heap before
{Heap before GC invocations=6 (full 0):
 garbage-first heap   total 262144K, used 32690K [0x00000000e0000000, 0x0000000100000000)
  region size 1024K, 5 young (5120K), 2 survivors (2048K)
 Metaspace       used 36007K, committed 36416K, reserved 278528K
  class space    used 4962K, committed 5184K, reserved 212992K
}
Event: 2.819 GC heap after
{Heap after GC invocations=7 (full 0):
 garbage-first heap   total 262144K, used 29281K [0x00000000e0000000, 0x0000000100000000)
  region size 1024K, 1 young (1024K), 1 survivors (1024K)
 Metaspace       used 36007K, committed 36416K, reserved 278528K
  class space    used 4962K, committed 5184K, reserved 212992K
}

Dll operation events (12 events):
Event: 0.005 Loaded shared library C:\Users\acer\.jdks\corretto-17.0.7\bin\java.dll
Event: 0.013 Loaded shared library C:\Users\acer\.jdks\corretto-17.0.7\bin\jsvml.dll
Event: 0.041 Loaded shared library C:\Users\acer\.jdks\corretto-17.0.7\bin\net.dll
Event: 0.042 Loaded shared library C:\Users\acer\.jdks\corretto-17.0.7\bin\nio.dll
Event: 0.044 Loaded shared library C:\Users\acer\.jdks\corretto-17.0.7\bin\zip.dll
Event: 0.154 Loaded shared library C:\Users\acer\.jdks\corretto-17.0.7\bin\jimage.dll
Event: 0.183 Loaded shared library C:\Users\acer\.jdks\corretto-17.0.7\bin\verify.dll
Event: 0.272 Loaded shared library C:\Users\acer\.gradle\native\68d5fa5c4cc2d200863cafc0d521ce42e7d3e7ee720ec0a83991735586a16f82\windows-amd64\native-platform.dll
Event: 0.281 Loaded shared library C:\Users\acer\.gradle\native\e376f236ea51e6404a007f0833ffe2c6e607c4080706a723a18a27aeea778392\windows-amd64\native-platform-file-events.dll
Event: 0.609 Loaded shared library C:\Users\acer\.jdks\corretto-17.0.7\bin\management.dll
Event: 0.611 Loaded shared library C:\Users\acer\.jdks\corretto-17.0.7\bin\management_ext.dll
Event: 0.954 Loaded shared library C:\Users\acer\.jdks\corretto-17.0.7\bin\sunmscapi.dll

Deoptimization events (20 events):
Event: 7.377 Thread 0x00000232e14f1fb0 Uncommon trap: trap_request=0xffffffde fr.pc=0x00000232cee2a9a4 relative=0x0000000000000544
Event: 7.378 Thread 0x00000232e14f1fb0 Uncommon trap: reason=class_check action=maybe_recompile pc=0x00000232cee2a9a4 method=java.util.regex.Matcher.search(I)Z @ 121 c2
Event: 7.378 Thread 0x00000232e14f1fb0 DEOPT PACKING pc=0x00000232cee2a9a4 sp=0x000000e8776f8120
Event: 7.378 Thread 0x00000232e14f1fb0 DEOPT UNPACKING pc=0x00000232ce52a1a3 sp=0x000000e8776f8068 mode 2
Event: 7.378 Thread 0x00000232e14f1fb0 Uncommon trap: trap_request=0xffffffde fr.pc=0x00000232cee2a9a4 relative=0x0000000000000544
Event: 7.378 Thread 0x00000232e14f1fb0 Uncommon trap: reason=class_check action=maybe_recompile pc=0x00000232cee2a9a4 method=java.util.regex.Matcher.search(I)Z @ 121 c2
Event: 7.378 Thread 0x00000232e14f1fb0 DEOPT PACKING pc=0x00000232cee2a9a4 sp=0x000000e8776f8120
Event: 7.378 Thread 0x00000232e14f1fb0 DEOPT UNPACKING pc=0x00000232ce52a1a3 sp=0x000000e8776f8068 mode 2
Event: 7.380 Thread 0x00000232e14f1fb0 Uncommon trap: trap_request=0xffffffde fr.pc=0x00000232cee27f84 relative=0x0000000000000524
Event: 7.380 Thread 0x00000232e14f1fb0 Uncommon trap: reason=class_check action=maybe_recompile pc=0x00000232cee27f84 method=java.util.regex.Matcher.search(I)Z @ 121 c2
Event: 7.381 Thread 0x00000232e14f1fb0 DEOPT PACKING pc=0x00000232cee27f84 sp=0x000000e8776f8100
Event: 7.381 Thread 0x00000232e14f1fb0 DEOPT UNPACKING pc=0x00000232ce52a1a3 sp=0x000000e8776f80c0 mode 2
Event: 7.578 Thread 0x00000232e14f1fb0 Uncommon trap: trap_request=0xffffff45 fr.pc=0x00000232cec74294 relative=0x0000000000000654
Event: 7.578 Thread 0x00000232e14f1fb0 Uncommon trap: reason=unstable_if action=reinterpret pc=0x00000232cec74294 method=java.util.jar.Manifest$FastInputStream.readLine([BII)I @ 130 c2
Event: 7.578 Thread 0x00000232e14f1fb0 DEOPT PACKING pc=0x00000232cec74294 sp=0x000000e8776f86d0
Event: 7.578 Thread 0x00000232e14f1fb0 DEOPT UNPACKING pc=0x00000232ce52a1a3 sp=0x000000e8776f8660 mode 2
Event: 7.578 Thread 0x00000232e14f1fb0 Uncommon trap: trap_request=0xffffffcc fr.pc=0x00000232cee84cd0 relative=0x00000000000013b0
Event: 7.578 Thread 0x00000232e14f1fb0 Uncommon trap: reason=intrinsic_or_type_checked_inlining action=make_not_entrant pc=0x00000232cee84cd0 method=java.util.ArrayList.toArray([Ljava/lang/Object;)[Ljava/lang/Object; @ 36 c2
Event: 7.578 Thread 0x00000232e14f1fb0 DEOPT PACKING pc=0x00000232cee84cd0 sp=0x000000e8776f85d0
Event: 7.578 Thread 0x00000232e14f1fb0 DEOPT UNPACKING pc=0x00000232ce52a1a3 sp=0x000000e8776f8520 mode 2

Classes unloaded (0 events):
No events

Classes redefined (0 events):
No events

Internal exceptions (20 events):
Event: 2.995 Thread 0x00000232e14f1fb0 Exception <a 'java/lang/NoSuchMethodError'{0x00000000eecf13b0}: 'java.lang.Object java.lang.invoke.DirectMethodHandle$Holder.invokeSpecial(java.lang.Object, java.lang.Object, java.lang.Object, java.lang.Object, java.lang.Object, java.lang.Object, int)'> (0x00000000eecf13b0) 
thrown [s\src\hotspot\share\interpreter\linkResolver.cpp, line 759]
Event: 3.003 Thread 0x00000232e14f1fb0 Exception <a 'java/lang/NoSuchMethodError'{0x00000000eebcdbd0}: 'void java.lang.invoke.DirectMethodHandle$Holder.invokeStatic(java.lang.Object, java.lang.Object, java.lang.Object, int, java.lang.Object)'> (0x00000000eebcdbd0) 
thrown [s\src\hotspot\share\interpreter\linkResolver.cpp, line 759]
Event: 3.050 Thread 0x00000232e14f1fb0 Exception <a 'java/lang/NoSuchMethodError'{0x00000000ee756368}: 'java.lang.Object java.lang.invoke.DelegatingMethodHandle$Holder.reinvoke_L(java.lang.Object, java.lang.Object, java.lang.Object, java.lang.Object, java.lang.Object, java.lang.Object, java.lang.Object, java.lang.Object, java.lang.Object, java.lang.Object, java.lang.Object, java.lang.Object, java.lang.Object, java.lang.Object, java.lang.Object, java.lang.Object, java.lang.Object, java.lang.Object, java.lang.Object, java.lang.Object, java.lang.O
Event: 3.050 Thread 0x00000232e14f1fb0 Exception <a 'java/lang/NoSuchMethodError'{0x00000000ee762088}: 'java.lang.Object java.lang.invoke.Invokers$Holder.invoker(java.lang.Object, java.lang.Object, java.lang.Object, java.lang.Object, java.lang.Object, java.lang.Object, java.lang.Object, java.lang.Object, java.lang.Object, java.lang.Object, java.lang.Object, java.lang.Object, java.lang.Object, java.lang.Object, java.lang.Object, java.lang.Object, java.lang.Object, java.lang.Object, java.lang.Object, java.lang.Object, java.lang.Object)'> (0x00000
Event: 3.050 Thread 0x00000232e14f1fb0 Exception <a 'java/lang/NoSuchMethodError'{0x00000000ee769010}: 'java.lang.Object java.lang.invoke.DelegatingMethodHandle$Holder.delegate(java.lang.Object, java.lang.Object, java.lang.Object, java.lang.Object, java.lang.Object, java.lang.Object, java.lang.Object, java.lang.Object, java.lang.Object, java.lang.Object, java.lang.Object, java.lang.Object, java.lang.Object, java.lang.Object, java.lang.Object, java.lang.Object, java.lang.Object, java.lang.Object, java.lang.Object, java.lang.Object, java.lang.Obj
Event: 3.056 Thread 0x00000232e14f1fb0 Exception <a 'java/lang/NoSuchMethodError'{0x00000000ee650558}: 'java.lang.Object java.lang.invoke.DirectMethodHandle$Holder.invokeStatic(java.lang.Object, java.lang.Object, java.lang.Object, java.lang.Object, java.lang.Object, java.lang.Object, java.lang.Object, java.lang.Object, java.lang.Object, java.lang.Object, java.lang.Object, java.lang.Object, java.lang.Object, java.lang.Object, java.lang.Object, java.lang.Object, java.lang.Object)'> (0x00000000ee650558) 
thrown [s\src\hotspot\share\interpreter\lin
Event: 3.057 Thread 0x00000232e14f1fb0 Exception <a 'java/lang/NoSuchMethodError'{0x00000000ee678700}: 'java.lang.Object java.lang.invoke.DirectMethodHandle$Holder.invokeStatic(java.lang.Object, java.lang.Object, java.lang.Object, java.lang.Object, java.lang.Object, java.lang.Object, java.lang.Object, java.lang.Object, java.lang.Object, java.lang.Object, java.lang.Object, java.lang.Object, java.lang.Object, java.lang.Object, java.lang.Object, java.lang.Object, java.lang.Object, java.lang.Object)'> (0x00000000ee678700) 
thrown [s\src\hotspot\sha
Event: 3.058 Thread 0x00000232e14f1fb0 Exception <a 'java/lang/NoSuchMethodError'{0x00000000ee6a14f8}: 'java.lang.Object java.lang.invoke.DirectMethodHandle$Holder.invokeStatic(java.lang.Object, java.lang.Object, java.lang.Object, java.lang.Object, java.lang.Object, java.lang.Object, java.lang.Object, java.lang.Object, java.lang.Object, java.lang.Object, java.lang.Object, java.lang.Object, java.lang.Object, java.lang.Object, java.lang.Object, java.lang.Object, java.lang.Object, java.lang.Object, java.lang.Object)'> (0x00000000ee6a14f8) 
thrown 
Event: 3.060 Thread 0x00000232e14f1fb0 Exception <a 'java/lang/NoSuchMethodError'{0x00000000ee6cb388}: 'java.lang.Object java.lang.invoke.DirectMethodHandle$Holder.invokeStatic(java.lang.Object, java.lang.Object, java.lang.Object, java.lang.Object, java.lang.Object, java.lang.Object, java.lang.Object, java.lang.Object, java.lang.Object, java.lang.Object, java.lang.Object, java.lang.Object, java.lang.Object, java.lang.Object, java.lang.Object, java.lang.Object, java.lang.Object, java.lang.Object, java.lang.Object, java.lang.Object)'> (0x00000000
Event: 3.061 Thread 0x00000232e14f1fb0 Exception <a 'java/lang/NoSuchMethodError'{0x00000000ee6f6240}: 'java.lang.Object java.lang.invoke.DirectMethodHandle$Holder.invokeStatic(java.lang.Object, java.lang.Object, java.lang.Object, java.lang.Object, java.lang.Object, java.lang.Object, java.lang.Object, java.lang.Object, java.lang.Object, java.lang.Object, java.lang.Object, java.lang.Object, java.lang.Object, java.lang.Object, java.lang.Object, java.lang.Object, java.lang.Object, java.lang.Object, java.lang.Object, java.lang.Object, java.lang.Obj
Event: 3.062 Thread 0x00000232e14f1fb0 Exception <a 'java/lang/NoSuchMethodError'{0x00000000ee522058}: 'java.lang.Object java.lang.invoke.DirectMethodHandle$Holder.invokeStatic(java.lang.Object, java.lang.Object, java.lang.Object, java.lang.Object, java.lang.Object, java.lang.Object, java.lang.Object, java.lang.Object, java.lang.Object, java.lang.Object, java.lang.Object, java.lang.Object, java.lang.Object, java.lang.Object, java.lang.Object, java.lang.Object, java.lang.Object, java.lang.Object, java.lang.Object, java.lang.Object, java.lang.Obj
Event: 3.064 Thread 0x00000232e14f1fb0 Exception <a 'java/lang/NoSuchMethodError'{0x00000000ee54f528}: 'java.lang.Object java.lang.invoke.DirectMethodHandle$Holder.invokeStatic(java.lang.Object, java.lang.Object, java.lang.Object, java.lang.Object, java.lang.Object, java.lang.Object, java.lang.Object, java.lang.Object, java.lang.Object, java.lang.Object, java.lang.Object, java.lang.Object, java.lang.Object, java.lang.Object, java.lang.Object, java.lang.Object, java.lang.Object, java.lang.Object, java.lang.Object, java.lang.Object, java.lang.Obj
Event: 3.065 Thread 0x00000232e14f1fb0 Exception <a 'java/lang/NoSuchMethodError'{0x00000000ee57e0d0}: 'java.lang.Object java.lang.invoke.DirectMethodHandle$Holder.invokeStatic(java.lang.Object, java.lang.Object, java.lang.Object, java.lang.Object, java.lang.Object, java.lang.Object, java.lang.Object, java.lang.Object, java.lang.Object, java.lang.Object, java.lang.Object, java.lang.Object, java.lang.Object, java.lang.Object, java.lang.Object, java.lang.Object, java.lang.Object, java.lang.Object, java.lang.Object, java.lang.Object, java.lang.Obj
Event: 3.155 Thread 0x00000232e14f1fb0 Implicit null exception at 0x00000232cec7b1d2 to 0x00000232cec7b7dc
Event: 3.181 Thread 0x00000232e14f1fb0 Exception <a 'sun/nio/fs/WindowsException'{0x00000000edf35418}> (0x00000000edf35418) 
thrown [s\src\hotspot\share\prims\jni.cpp, line 516]
Event: 6.726 Thread 0x00000232e14f1fb0 Exception <a 'java/lang/NoSuchMethodError'{0x00000000eba6f598}: 'java.lang.Object java.lang.invoke.DirectMethodHandle$Holder.newInvokeSpecial(java.lang.Object, java.lang.Object, java.lang.Object, java.lang.Object, int)'> (0x00000000eba6f598) 
thrown [s\src\hotspot\share\interpreter\linkResolver.cpp, line 759]
Event: 6.727 Thread 0x00000232e14f1fb0 Exception <a 'java/lang/NoSuchMethodError'{0x00000000eba74c88}: 'java.lang.Object java.lang.invoke.DirectMethodHandle$Holder.invokeSpecial(java.lang.Object, java.lang.Object, java.lang.Object, java.lang.Object, java.lang.Object, int)'> (0x00000000eba74c88) 
thrown [s\src\hotspot\share\interpreter\linkResolver.cpp, line 759]
Event: 6.727 Thread 0x00000232e14f1fb0 Exception <a 'java/lang/NoSuchMethodError'{0x00000000eba79cb0}: 'java.lang.Object java.lang.invoke.Invokers$Holder.linkToTargetMethod(java.lang.Object, java.lang.Object, java.lang.Object, int, java.lang.Object)'> (0x00000000eba79cb0) 
thrown [s\src\hotspot\share\interpreter\linkResolver.cpp, line 759]
Event: 6.808 Thread 0x00000232e14f1fb0 Exception <a 'java/lang/IncompatibleClassChangeError'{0x00000000eb832eb0}: Found class java.lang.Object, but interface was expected> (0x00000000eb832eb0) 
thrown [s\src\hotspot\share\interpreter\linkResolver.cpp, line 826]
Event: 7.391 Thread 0x00000232e14f1fb0 Exception <a 'java/lang/NoSuchMethodError'{0x00000000eb0c6608}: 'java.lang.Object java.lang.invoke.DirectMethodHandle$Holder.invokeSpecial(java.lang.Object, java.lang.Object, int, java.lang.Object, java.lang.Object, java.lang.Object)'> (0x00000000eb0c6608) 
thrown [s\src\hotspot\share\interpreter\linkResolver.cpp, line 759]

VM Operations (20 events):
Event: 2.829 Executing VM operation: G1Concurrent
Event: 2.831 Executing VM operation: G1Concurrent done
Event: 2.831 Executing VM operation: G1Concurrent
Event: 2.831 Executing VM operation: G1Concurrent done
Event: 3.163 Executing VM operation: HandshakeAllThreads
Event: 3.163 Executing VM operation: HandshakeAllThreads done
Event: 3.182 Executing VM operation: HandshakeAllThreads
Event: 3.182 Executing VM operation: HandshakeAllThreads done
Event: 3.188 Executing VM operation: HandshakeAllThreads
Event: 3.188 Executing VM operation: HandshakeAllThreads done
Event: 3.189 Executing VM operation: HandshakeAllThreads
Event: 3.189 Executing VM operation: HandshakeAllThreads done
Event: 3.222 Executing VM operation: HandshakeAllThreads
Event: 3.222 Executing VM operation: HandshakeAllThreads done
Event: 4.236 Executing VM operation: Cleanup
Event: 4.237 Executing VM operation: Cleanup done
Event: 6.248 Executing VM operation: Cleanup
Event: 6.248 Executing VM operation: Cleanup done
Event: 7.148 Executing VM operation: ICBufferFull
Event: 7.148 Executing VM operation: ICBufferFull done

Events (20 events):
Event: 6.939 loading class javax/management/StandardMBean$MBeanInfoSafeAction done
Event: 6.939 loading class javax/management/NotificationListener
Event: 6.939 loading class javax/management/NotificationListener done
Event: 6.939 loading class javax/management/NotificationFilter
Event: 6.939 loading class javax/management/NotificationFilter done
Event: 6.939 loading class javax/management/ListenerNotFoundException
Event: 6.939 loading class javax/management/ListenerNotFoundException done
Event: 6.939 loading class jdk/jfr/Recording
Event: 6.939 loading class jdk/jfr/Recording done
Event: 6.939 loading class jdk/jfr/FlightRecorder
Event: 6.940 loading class jdk/jfr/FlightRecorder done
Event: 6.940 loading class jdk/management/jfr/FlightRecorderMXBeanImpl$MXBeanListener
Event: 6.940 loading class jdk/jfr/FlightRecorderListener
Event: 6.940 loading class jdk/jfr/FlightRecorderListener done
Event: 6.940 loading class jdk/management/jfr/FlightRecorderMXBeanImpl$MXBeanListener done
Event: 6.940 loading class sun/reflect/misc/MethodUtil
Event: 6.941 loading class sun/reflect/misc/MethodUtil done
Event: 6.941 loading class sun/reflect/misc/MethodUtil$1
Event: 6.941 loading class sun/reflect/misc/MethodUtil$1 done
Event: 6.957 Thread 0x00000232e22ecb30 Thread added: 0x00000232e22ecb30


Dynamic libraries:
0x00007ff6ea690000 - 0x00007ff6ea69d000 	C:\Users\acer\.jdks\corretto-17.0.7\bin\java.exe
0x00007ffd24110000 - 0x00007ffd24324000 	C:\WINDOWS\SYSTEM32\ntdll.dll
0x00007ffd21ff0000 - 0x00007ffd220b2000 	C:\WINDOWS\System32\KERNEL32.DLL
0x00007ffd21760000 - 0x00007ffd21b03000 	C:\WINDOWS\System32\KERNELBASE.dll
0x00007ffd215a0000 - 0x00007ffd216b1000 	C:\WINDOWS\System32\ucrtbase.dll
0x00007ffd190a0000 - 0x00007ffd190b7000 	C:\Users\acer\.jdks\corretto-17.0.7\bin\jli.dll
0x00007ffd19250000 - 0x00007ffd19265000 	C:\Users\acer\.jdks\corretto-17.0.7\bin\VCRUNTIME140.dll
0x00007ffd23ef0000 - 0x00007ffd2409b000 	C:\WINDOWS\System32\USER32.dll
0x00007ffd04d10000 - 0x00007ffd04f9e000 	C:\WINDOWS\WinSxS\amd64_microsoft.windows.common-controls_6595b64144ccf1df_6.0.22621.1635_none_270f70857386168e\COMCTL32.dll
0x00007ffd21b10000 - 0x00007ffd21b36000 	C:\WINDOWS\System32\win32u.dll
0x00007ffd23270000 - 0x00007ffd23317000 	C:\WINDOWS\System32\msvcrt.dll
0x00007ffd23340000 - 0x00007ffd23369000 	C:\WINDOWS\System32\GDI32.dll
0x00007ffd21bb0000 - 0x00007ffd21cc9000 	C:\WINDOWS\System32\gdi32full.dll
0x00007ffd216c0000 - 0x00007ffd2175a000 	C:\WINDOWS\System32\msvcp_win.dll
0x00007ffd23230000 - 0x00007ffd23261000 	C:\WINDOWS\System32\IMM32.DLL
0x00007ffca6510000 - 0x00007ffca65ab000 	C:\Users\acer\.jdks\corretto-17.0.7\bin\msvcp140.dll
0x00007ffca58f0000 - 0x00007ffca650a000 	C:\Users\acer\.jdks\corretto-17.0.7\bin\server\jvm.dll
0x00007ffd23470000 - 0x00007ffd2351e000 	C:\WINDOWS\System32\ADVAPI32.dll
0x00007ffd23670000 - 0x00007ffd23714000 	C:\WINDOWS\System32\sechost.dll
0x00007ffd22d60000 - 0x00007ffd22e77000 	C:\WINDOWS\System32\RPCRT4.dll
0x00007ffd14590000 - 0x00007ffd145c4000 	C:\WINDOWS\SYSTEM32\WINMM.dll
0x00007ffd03d20000 - 0x00007ffd03d29000 	C:\WINDOWS\SYSTEM32\WSOCK32.dll
0x00007ffd17580000 - 0x00007ffd1758a000 	C:\WINDOWS\SYSTEM32\VERSION.dll
0x00007ffd23520000 - 0x00007ffd23591000 	C:\WINDOWS\System32\WS2_32.dll
0x00007ffd205e0000 - 0x00007ffd205f8000 	C:\WINDOWS\SYSTEM32\kernel.appcore.dll
0x00007ffd1aa40000 - 0x00007ffd1aa4a000 	C:\Users\acer\.jdks\corretto-17.0.7\bin\jimage.dll
0x00007ffd1ec10000 - 0x00007ffd1ee3e000 	C:\WINDOWS\SYSTEM32\DBGHELP.DLL
0x00007ffd228d0000 - 0x00007ffd22c59000 	C:\WINDOWS\System32\combase.dll
0x00007ffd23390000 - 0x00007ffd23467000 	C:\WINDOWS\System32\OLEAUT32.dll
0x00007ffd088f0000 - 0x00007ffd08922000 	C:\WINDOWS\SYSTEM32\dbgcore.DLL
0x00007ffd21e40000 - 0x00007ffd21ebb000 	C:\WINDOWS\System32\bcryptPrimitives.dll
0x00007ffd18640000 - 0x00007ffd18665000 	C:\Users\acer\.jdks\corretto-17.0.7\bin\java.dll
0x00007ffca5810000 - 0x00007ffca58e6000 	C:\Users\acer\.jdks\corretto-17.0.7\bin\jsvml.dll
0x00007ffd220d0000 - 0x00007ffd228ca000 	C:\WINDOWS\System32\SHELL32.dll
0x00007ffd1f4a0000 - 0x00007ffd1fd6e000 	C:\WINDOWS\SYSTEM32\windows.storage.dll
0x00007ffd1f360000 - 0x00007ffd1f49e000 	C:\WINDOWS\SYSTEM32\wintypes.dll
0x00007ffd22e90000 - 0x00007ffd22f81000 	C:\WINDOWS\System32\SHCORE.dll
0x00007ffd235a0000 - 0x00007ffd235fe000 	C:\WINDOWS\System32\shlwapi.dll
0x00007ffd21410000 - 0x00007ffd21431000 	C:\WINDOWS\SYSTEM32\profapi.dll
0x00007ffd19080000 - 0x00007ffd19099000 	C:\Users\acer\.jdks\corretto-17.0.7\bin\net.dll
0x00007ffd17220000 - 0x00007ffd17357000 	C:\WINDOWS\SYSTEM32\WINHTTP.dll
0x00007ffd20a50000 - 0x00007ffd20ab9000 	C:\WINDOWS\system32\mswsock.dll
0x00007ffce8c20000 - 0x00007ffce8c35000 	C:\Users\acer\.jdks\corretto-17.0.7\bin\nio.dll
0x00007ffcb8230000 - 0x00007ffcb8248000 	C:\Users\acer\.jdks\corretto-17.0.7\bin\zip.dll
0x00007ffd18630000 - 0x00007ffd18640000 	C:\Users\acer\.jdks\corretto-17.0.7\bin\verify.dll
0x00007ffcff980000 - 0x00007ffcff9a7000 	C:\Users\acer\.gradle\native\68d5fa5c4cc2d200863cafc0d521ce42e7d3e7ee720ec0a83991735586a16f82\windows-amd64\native-platform.dll
0x00007ffca4680000 - 0x00007ffca47c4000 	C:\Users\acer\.gradle\native\e376f236ea51e6404a007f0833ffe2c6e607c4080706a723a18a27aeea778392\windows-amd64\native-platform-file-events.dll
0x00007ffd14690000 - 0x00007ffd14699000 	C:\Users\acer\.jdks\corretto-17.0.7\bin\management.dll
0x00007ffd14680000 - 0x00007ffd1468b000 	C:\Users\acer\.jdks\corretto-17.0.7\bin\management_ext.dll
0x00007ffd22cb0000 - 0x00007ffd22cb8000 	C:\WINDOWS\System32\PSAPI.DLL
0x00007ffd20cf0000 - 0x00007ffd20d0b000 	C:\WINDOWS\SYSTEM32\CRYPTSP.dll
0x00007ffd20550000 - 0x00007ffd20585000 	C:\WINDOWS\system32\rsaenh.dll
0x00007ffd20b70000 - 0x00007ffd20b98000 	C:\WINDOWS\SYSTEM32\USERENV.dll
0x00007ffd20e90000 - 0x00007ffd20eb8000 	C:\WINDOWS\SYSTEM32\bcrypt.dll
0x00007ffd20d10000 - 0x00007ffd20d1c000 	C:\WINDOWS\SYSTEM32\CRYPTBASE.dll
0x00007ffd20080000 - 0x00007ffd200ad000 	C:\WINDOWS\SYSTEM32\IPHLPAPI.DLL
0x00007ffd22e80000 - 0x00007ffd22e89000 	C:\WINDOWS\System32\NSI.dll
0x00007ffd17590000 - 0x00007ffd175a9000 	C:\WINDOWS\SYSTEM32\dhcpcsvc6.DLL
0x00007ffd16f50000 - 0x00007ffd16f6f000 	C:\WINDOWS\SYSTEM32\dhcpcsvc.DLL
0x00007ffd200b0000 - 0x00007ffd201a3000 	C:\WINDOWS\SYSTEM32\DNSAPI.dll
0x00007ffd02220000 - 0x00007ffd0222e000 	C:\Users\acer\.jdks\corretto-17.0.7\bin\sunmscapi.dll
0x00007ffd21cd0000 - 0x00007ffd21e37000 	C:\WINDOWS\System32\CRYPT32.dll
0x00007ffd20e60000 - 0x00007ffd20e8e000 	C:\WINDOWS\SYSTEM32\ncrypt.dll
0x00007ffd20e20000 - 0x00007ffd20e57000 	C:\WINDOWS\SYSTEM32\NTASN1.dll
0x00007ffcff7d0000 - 0x00007ffcff7d8000 	C:\WINDOWS\system32\wshunix.dll
0x00007ffd0a5d0000 - 0x00007ffd0a5da000 	C:\Windows\System32\rasadhlp.dll
0x00007ffd15ca0000 - 0x00007ffd15d24000 	C:\WINDOWS\System32\fwpuclnt.dll

dbghelp: loaded successfully - version: 4.0.5 - missing functions: none
symbol engine: initialized successfully - sym options: 0x614 - pdb path: .;C:\Users\acer\.jdks\corretto-17.0.7\bin;C:\WINDOWS\SYSTEM32;C:\WINDOWS\WinSxS\amd64_microsoft.windows.common-controls_6595b64144ccf1df_6.0.22621.1635_none_270f70857386168e;C:\Users\acer\.jdks\corretto-17.0.7\bin\server;C:\Users\acer\.gradle\native\68d5fa5c4cc2d200863cafc0d521ce42e7d3e7ee720ec0a83991735586a16f82\windows-amd64;C:\Users\acer\.gradle\native\e376f236ea51e6404a007f0833ffe2c6e607c4080706a723a18a27aeea778392\windows-amd64

VM Arguments:
jvm_args: --add-opens=java.base/java.util=ALL-UNNAMED --add-opens=java.base/java.lang=ALL-UNNAMED --add-opens=java.base/java.lang.invoke=ALL-UNNAMED --add-opens=java.prefs/java.util.prefs=ALL-UNNAMED --add-opens=java.base/java.nio.charset=ALL-UNNAMED --add-opens=java.base/java.net=ALL-UNNAMED --add-opens=java.base/java.util.concurrent.atomic=ALL-UNNAMED -XX:MaxMetaspaceSize=256m -XX:+HeapDumpOnOutOfMemoryError -Xms256m -Xmx512m -Dfile.encoding=windows-1252 -Duser.country=US -Duser.language=en -Duser.variant 
java_command: org.gradle.launcher.daemon.bootstrap.GradleDaemon 7.6.1
java_class_path (initial): C:\Users\acer\.gradle\wrapper\dists\gradle-7.6.1-bin\2clxi94ab3brv6467628wnxmd\gradle-7.6.1\lib\gradle-launcher-7.6.1.jar
Launcher Type: SUN_STANDARD

[Global flags]
     intx CICompilerCount                          = 12                                        {product} {ergonomic}
   size_t CompressedClassSpaceSize                 = 218103808                                 {product} {ergonomic}
     uint ConcGCThreads                            = 3                                         {product} {ergonomic}
     uint G1ConcRefinementThreads                  = 13                                        {product} {ergonomic}
   size_t G1HeapRegionSize                         = 1048576                                   {product} {ergonomic}
    uintx GCDrainStackTargetSize                   = 64                                        {product} {ergonomic}
     bool HeapDumpOnOutOfMemoryError               = true                                   {manageable} {command line}
   size_t InitialHeapSize                          = 268435456                                 {product} {command line}
   size_t MarkStackSize                            = 4194304                                   {product} {ergonomic}
   size_t MaxHeapSize                              = 536870912                                 {product} {command line}
   size_t MaxMetaspaceSize                         = 268435456                                 {product} {command line}
   size_t MaxNewSize                               = 321912832                                 {product} {ergonomic}
   size_t MinHeapDeltaBytes                        = 1048576                                   {product} {ergonomic}
   size_t MinHeapSize                              = 268435456                                 {product} {command line}
    uintx NonNMethodCodeHeapSize                   = 7602480                                {pd product} {ergonomic}
    uintx NonProfiledCodeHeapSize                  = 122027880                              {pd product} {ergonomic}
    uintx ProfiledCodeHeapSize                     = 122027880                              {pd product} {ergonomic}
    uintx ReservedCodeCacheSize                    = 251658240                              {pd product} {ergonomic}
     bool SegmentedCodeCache                       = true                                      {product} {ergonomic}
   size_t SoftMaxHeapSize                          = 536870912                              {manageable} {ergonomic}
     bool UseCompressedClassPointers               = true                           {product lp64_product} {ergonomic}
     bool UseCompressedOops                        = true                           {product lp64_product} {ergonomic}
     bool UseG1GC                                  = true                                      {product} {ergonomic}
     bool UseLargePagesIndividualAllocation        = false                                  {pd product} {ergonomic}

Logging:
Log output configuration:
 #0: stdout all=warning uptime,level,tags
 #1: stderr all=off uptime,level,tags

Environment Variables:
PATH=C:\Program Files\Eclipse Foundation\jdk-16.0.2.7-hotspot\bin;C:\Program Files\Common Files\Oracle\Java\javapath;C:\Program Files (x86)\Common Files\Oracle\Java\javapath;C:\Windows\system32;C:\Windows;C:\Windows\System32\Wbem;C:\Windows\System32\WindowsPowerShell\v1.0\;C:\Windows\System32\OpenSSH\;C:\Program Files (x86)\NVIDIA Corporation\PhysX\Common;C:\Program Files\NVIDIA Corporation\NVIDIA NvDLISR;C:\WINDOWS\system32;C:\WINDOWS;C:\WINDOWS\System32\Wbem;C:\WINDOWS\System32\WindowsPowerShell\v1.0\;C:\WINDOWS\System32\OpenSSH\;C:\Program Files\Git\cmd;C:\Program Files (x86)\Bitvise SSH Client;C:\Program Files\nodejs\;C:\Program Files\MySQL\MySQL Shell 8.0\bin\;C:\Users\acer\AppData\Local\Microsoft\WindowsApps;;C:\Users\acer\AppData\Local\Programs\Microsoft VS Code\bin;C:\Program Files\JetBrains\IntelliJ IDEA 2023.1\bin;;C:\Users\acer\AppData\Roaming\npm
USERNAME=danny
OS=Windows_NT
PROCESSOR_IDENTIFIER=Intel64 Family 6 Model 141 Stepping 1, GenuineIntel
TMP=C:\Users\acer\AppData\Local\Temp
TEMP=C:\Users\acer\AppData\Local\Temp



---------------  S Y S T E M  ---------------

OS:
 Windows 11 , 64 bit Build 22621 (10.0.22621.1778)
OS uptime: 0 days 23:17 hours
Hyper-V role detected

CPU: total 16 (initial active 16) (8 cores per cpu, 2 threads per core) family 6 model 141 stepping 1 microcode 0x3c, cx8, cmov, fxsr, ht, mmx, 3dnowpref, sse, sse2, sse3, ssse3, sse4.1, sse4.2, popcnt, lzcnt, tsc, tscinvbit, avx, avx2, aes, erms, clmul, bmi1, bmi2, adx, avx512f, avx512dq, avx512cd, avx512bw, avx512vl, sha, fma, vzeroupper, avx512_vpopcntdq, avx512_vpclmulqdq, avx512_vaes, avx512_vnni, clflush, clflushopt, clwb, avx512_vbmi2, avx512_vbmi, hv

Memory: 4k page, system-wide physical 16147M (113M free)
TotalPageFile size 45802M (AvailPageFile size 0M)
current process WorkingSet (physical memory assigned to process): 325M, peak: 327M
current process commit charge ("private bytes"): 478M, peak: 480M

vm_info: OpenJDK 64-Bit Server VM (17.0.7+7-LTS) for windows-amd64 JRE (17.0.7+7-LTS), built on Apr 14 2023 01:39:21 by "Administrator" with MS VC++ 15.9 (VS2017)

END.
